  [4;36;1mSQL (0.1ms)[0m   [0;1mSET NAMES 'utf8'[0m
  [4;35;1mSQL (0.1ms)[0m   [0mSET SQL_AUTO_IS_NULL=0[0m
  [4;36;1mSQL (0.3ms)[0m   [0;1mSHOW TABLES[0m
  [4;35;1mSQL (306.7ms)[0m   [0mCREATE TABLE `schema_migrations` (`version` varchar(255) NOT NULL) ENGINE=InnoDB[0m
  [4;36;1mSQL (1.1ms)[0m   [0;1mSHOW KEYS FROM `schema_migrations`[0m
  [4;35;1mSQL (455.9ms)[0m   [0mCREATE UNIQUE INDEX `unique_schema_migrations` ON `schema_migrations` (`version`)[0m
  [4;36;1mSQL (0.6ms)[0m   [0;1mSHOW TABLES[0m
  [4;35;1mSQL (0.5ms)[0m   [0mSELECT version FROM schema_migrations[0m
  [4;36;1mSQL (0.1ms)[0m   [0;1mSET NAMES 'utf8'[0m
  [4;35;1mSQL (0.1ms)[0m   [0mSET SQL_AUTO_IS_NULL=0[0m


Processing ApplicationController#index (for 127.0.0.1 at 2017-06-14 11:59:04) [GET]

ActionController::RoutingError (No route matches "/home/index." with {:method=>:get}):
  /home/malavika/.rbenv/versions/1.8.7-p370/lib/ruby/1.8/webrick/httpserver.rb:104:in `service'
  /home/malavika/.rbenv/versions/1.8.7-p370/lib/ruby/1.8/webrick/httpserver.rb:65:in `run'
  /home/malavika/.rbenv/versions/1.8.7-p370/lib/ruby/1.8/webrick/server.rb:173:in `start_thread'
  /home/malavika/.rbenv/versions/1.8.7-p370/lib/ruby/1.8/webrick/server.rb:162:in `start'
  /home/malavika/.rbenv/versions/1.8.7-p370/lib/ruby/1.8/webrick/server.rb:162:in `start_thread'
  /home/malavika/.rbenv/versions/1.8.7-p370/lib/ruby/1.8/webrick/server.rb:95:in `start'
  /home/malavika/.rbenv/versions/1.8.7-p370/lib/ruby/1.8/webrick/server.rb:92:in `each'
  /home/malavika/.rbenv/versions/1.8.7-p370/lib/ruby/1.8/webrick/server.rb:92:in `start'
  /home/malavika/.rbenv/versions/1.8.7-p370/lib/ruby/1.8/webrick/server.rb:23:in `start'
  /home/malavika/.rbenv/versions/1.8.7-p370/lib/ruby/1.8/webrick/server.rb:82:in `start'

Rendering rescues/layout (not_found)
  [4;36;1mSQL (0.1ms)[0m   [0;1mSET NAMES 'utf8'[0m
  [4;35;1mSQL (0.1ms)[0m   [0mSET SQL_AUTO_IS_NULL=0[0m


Processing HomeController#index (for 127.0.0.1 at 2017-06-14 11:59:08) [GET]
Rendering home/index
Completed in 8ms (View: 7, DB: 0) | 200 OK [http://localhost/home/index]
  [4;36;1mSQL (0.1ms)[0m   [0;1mSET NAMES 'utf8'[0m
  [4;35;1mSQL (0.1ms)[0m   [0mSET SQL_AUTO_IS_NULL=0[0m


Processing HomeController#index (for 127.0.0.1 at 2017-06-14 12:03:08) [GET]
Rendering home/index
Completed in 42ms (View: 41, DB: 0) | 200 OK [http://localhost/]
  [4;36;1mSQL (0.1ms)[0m   [0;1mSET NAMES 'utf8'[0m
  [4;35;1mSQL (0.1ms)[0m   [0mSET SQL_AUTO_IS_NULL=0[0m


Processing HomeController#index (for 127.0.0.1 at 2017-06-14 12:06:42) [GET]
Rendering home/index
Completed in 7ms (View: 5, DB: 0) | 200 OK [http://localhost/]
  [4;36;1mSQL (0.5ms)[0m   [0;1mSET NAMES 'utf8'[0m
  [4;35;1mSQL (0.6ms)[0m   [0mSET SQL_AUTO_IS_NULL=0[0m


Processing HomeController#index (for 127.0.0.1 at 2017-06-14 12:06:43) [GET]
Rendering home/index
Completed in 2ms (View: 1, DB: 1) | 200 OK [http://localhost/]
  [4;36;1mSQL (0.1ms)[0m   [0;1mSET NAMES 'utf8'[0m
  [4;35;1mSQL (0.1ms)[0m   [0mSET SQL_AUTO_IS_NULL=0[0m
  [4;36;1mSQL (0.3ms)[0m   [0;1mSHOW TABLES[0m
  [4;35;1mSQL (0.2ms)[0m   [0mSELECT version FROM schema_migrations[0m
Migrating to CreatePosts (20170614063626)
  [4;36;1mSQL (389.7ms)[0m   [0;1mCREATE TABLE `posts` (`id` int(11) DEFAULT NULL auto_increment PRIMARY KEY, `name` varchar(255), `title` varchar(255), `content` text, `created_at` datetime, `updated_at` datetime) ENGINE=InnoDB[0m
  [4;35;1mSQL (43.8ms)[0m   [0mINSERT INTO schema_migrations (version) VALUES ('20170614063626')[0m
  [4;36;1mSQL (0.8ms)[0m   [0;1mSHOW TABLES[0m
  [4;35;1mSQL (0.4ms)[0m   [0mSELECT version FROM schema_migrations[0m
  [4;36;1mSQL (0.4ms)[0m   [0;1mSHOW TABLES[0m
  [4;35;1mSQL (1.5ms)[0m   [0mSHOW FIELDS FROM `posts`[0m
  [4;36;1mSQL (0.9ms)[0m   [0;1mdescribe `posts`[0m
  [4;35;1mSQL (0.4ms)[0m   [0mSHOW KEYS FROM `posts`[0m
  [4;36;1mSQL (0.1ms)[0m   [0;1mSET NAMES 'utf8'[0m
  [4;35;1mSQL (0.1ms)[0m   [0mSET SQL_AUTO_IS_NULL=0[0m


Processing HomeController#index (for 127.0.0.1 at 2017-06-14 12:12:06) [GET]
Rendering home/index
Completed in 6ms (View: 5, DB: 0) | 200 OK [http://localhost/]
  [4;36;1mSQL (0.1ms)[0m   [0;1mSET NAMES 'utf8'[0m
  [4;35;1mSQL (0.1ms)[0m   [0mSET SQL_AUTO_IS_NULL=0[0m


Processing PostsController#index (for 127.0.0.1 at 2017-06-14 12:12:08) [GET]
  [4;36;1mPost Load (0.5ms)[0m   [0;1mSELECT * FROM `posts` [0m
Rendering template within layouts/posts
Rendering posts/index
Completed in 21ms (View: 15, DB: 1) | 200 OK [http://localhost/posts]
  [4;35;1mSQL (0.2ms)[0m   [0mSET NAMES 'utf8'[0m
  [4;36;1mSQL (0.1ms)[0m   [0;1mSET SQL_AUTO_IS_NULL=0[0m


Processing PostsController#new (for 127.0.0.1 at 2017-06-14 12:19:35) [GET]
  [4;35;1mPost Columns (1.2ms)[0m   [0mSHOW FIELDS FROM `posts`[0m
Rendering template within layouts/posts
Rendering posts/new
Completed in 21ms (View: 14, DB: 1) | 200 OK [http://localhost/posts/new]
  [4;36;1mSQL (0.1ms)[0m   [0;1mSET NAMES 'utf8'[0m
  [4;35;1mSQL (0.1ms)[0m   [0mSET SQL_AUTO_IS_NULL=0[0m


Processing PostsController#create (for 127.0.0.1 at 2017-06-14 12:20:00) [POST]
  Parameters: {"authenticity_token"=>"vpWRw/wVUJB73Ffhcq3ql9c/CMu+GeCQtzJ4tQKzTnQ=", "commit"=>"Create", "post"=>{"name"=>"malavika", "content"=>"riding on rails", "title"=>"first"}}
  [4;36;1mPost Columns (2.1ms)[0m   [0;1mSHOW FIELDS FROM `posts`[0m
  [4;35;1mSQL (0.1ms)[0m   [0mBEGIN[0m
  [4;36;1mPost Create (0.4ms)[0m   [0;1mINSERT INTO `posts` (`created_at`, `name`, `updated_at`, `title`, `content`) VALUES('2017-06-14 06:50:00', 'malavika', '2017-06-14 06:50:00', 'first', 'riding on rails')[0m
  [4;35;1mSQL (136.3ms)[0m   [0mCOMMIT[0m
Redirected to http://localhost:3000/posts/1
Completed in 150ms (DB: 139) | 302 Found [http://localhost/posts]
  [4;36;1mSQL (0.1ms)[0m   [0;1mSET NAMES 'utf8'[0m
  [4;35;1mSQL (0.2ms)[0m   [0mSET SQL_AUTO_IS_NULL=0[0m


Processing PostsController#show (for 127.0.0.1 at 2017-06-14 12:20:01) [GET]
  Parameters: {"id"=>"1"}
  [4;36;1mPost Columns (0.7ms)[0m   [0;1mSHOW FIELDS FROM `posts`[0m
  [4;35;1mPost Load (0.3ms)[0m   [0mSELECT * FROM `posts` WHERE (`posts`.`id` = 1) [0m
Rendering template within layouts/posts
Rendering posts/show
Completed in 11ms (View: 5, DB: 1) | 200 OK [http://localhost/posts/1]
  [4;36;1mSQL (0.1ms)[0m   [0;1mSET NAMES 'utf8'[0m
  [4;35;1mSQL (0.1ms)[0m   [0mSET SQL_AUTO_IS_NULL=0[0m


Processing PostsController#index (for 127.0.0.1 at 2017-06-14 12:20:06) [GET]
  [4;36;1mPost Load (0.4ms)[0m   [0;1mSELECT * FROM `posts` [0m
Rendering template within layouts/posts
Rendering posts/index
  [4;35;1mPost Columns (1.0ms)[0m   [0mSHOW FIELDS FROM `posts`[0m
Completed in 13ms (View: 8, DB: 2) | 200 OK [http://localhost/posts]
  [4;36;1mSQL (0.1ms)[0m   [0;1mSET NAMES 'utf8'[0m
  [4;35;1mSQL (0.1ms)[0m   [0mSET SQL_AUTO_IS_NULL=0[0m
  [4;36;1mPost Columns (0.7ms)[0m   [0;1mSHOW FIELDS FROM `posts`[0m
  [4;35;1mSQL (0.1ms)[0m   [0mBEGIN[0m
  [4;36;1mSQL (0.1ms)[0m   [0;1mROLLBACK[0m
  [4;35;1mSQL (0.2ms)[0m   [0mBEGIN[0m
  [4;36;1mSQL (0.2ms)[0m   [0;1mROLLBACK[0m
  [4;35;1mSQL (0.1ms)[0m   [0mSET NAMES 'utf8'[0m
  [4;36;1mSQL (0.3ms)[0m   [0;1mSET SQL_AUTO_IS_NULL=0[0m
  [4;35;1mPost Columns (1.5ms)[0m   [0mSHOW FIELDS FROM `posts`[0m
  [4;36;1mSQL (0.5ms)[0m   [0;1mBEGIN[0m
  [4;35;1mPost Create (1.2ms)[0m   [0mINSERT INTO `posts` (`created_at`, `content`, `name`, `updated_at`, `title`) VALUES('2017-06-14 07:13:47', ' A new post ', 'malavika', '2017-06-14 07:13:47', 'title')[0m
  [4;36;1mSQL (117.0ms)[0m   [0;1mCOMMIT[0m
  [4;35;1mSQL (0.2ms)[0m   [0mBEGIN[0m
  [4;36;1mSQL (0.2ms)[0m   [0;1mCOMMIT[0m
  [4;35;1mPost Load (0.7ms)[0m   [0mSELECT * FROM `posts` [0m
  [4;36;1mPost Load (0.6ms)[0m   [0;1mSELECT * FROM `posts` [0m
  [4;36;1mSQL (0.2ms)[0m   [0;1mSET NAMES 'utf8'[0m
  [4;35;1mSQL (0.1ms)[0m   [0mSET SQL_AUTO_IS_NULL=0[0m


Processing PostsController#index to xml (for 127.0.0.1 at 2017-06-14 12:46:59) [GET]
  [4;36;1mPost Load (0.3ms)[0m   [0;1mSELECT * FROM `posts` [0m
  [4;35;1mPost Columns (0.8ms)[0m   [0mSHOW FIELDS FROM `posts`[0m
Completed in 13ms (View: 8, DB: 1) | 200 OK [http://localhost/posts.xml]
  [4;36;1mSQL (0.1ms)[0m   [0;1mSET NAMES 'utf8'[0m
  [4;35;1mSQL (0.1ms)[0m   [0mSET SQL_AUTO_IS_NULL=0[0m


Processing HomeController#index (for 127.0.0.1 at 2017-06-14 12:47:17) [GET]
Rendering home/index
Completed in 7ms (View: 5, DB: 0) | 200 OK [http://localhost/]
  [4;36;1mSQL (0.1ms)[0m   [0;1mSET NAMES 'utf8'[0m
  [4;35;1mSQL (0.1ms)[0m   [0mSET SQL_AUTO_IS_NULL=0[0m


Processing HomeController#index (for 127.0.0.1 at 2017-06-14 13:13:09) [GET]
Rendering home/index
Completed in 7ms (View: 5, DB: 0) | 200 OK [http://localhost/]
  [4;36;1mSQL (0.4ms)[0m   [0;1mSET NAMES 'utf8'[0m
  [4;35;1mSQL (0.4ms)[0m   [0mSET SQL_AUTO_IS_NULL=0[0m


Processing PostsController#index (for 127.0.0.1 at 2017-06-14 13:13:12) [GET]
  [4;36;1mPost Load (0.5ms)[0m   [0;1mSELECT * FROM `posts` [0m
Rendering template within layouts/posts
Rendering posts/index
  [4;35;1mPost Columns (0.9ms)[0m   [0mSHOW FIELDS FROM `posts`[0m
Completed in 24ms (View: 17, DB: 2) | 200 OK [http://localhost/posts]
  [4;36;1mSQL (0.1ms)[0m   [0;1mSET NAMES 'utf8'[0m
  [4;35;1mSQL (0.1ms)[0m   [0mSET SQL_AUTO_IS_NULL=0[0m


Processing PostsController#index (for 127.0.0.1 at 2017-06-14 13:13:18) [GET]
  [4;36;1mPost Load (2.1ms)[0m   [0;1mSELECT * FROM `posts` [0m
Rendering template within layouts/posts
Rendering posts/index
  [4;35;1mPost Columns (0.7ms)[0m   [0mSHOW FIELDS FROM `posts`[0m
Completed in 18ms (View: 7, DB: 3) | 200 OK [http://localhost/posts]
  [4;36;1mSQL (0.1ms)[0m   [0;1mSET NAMES 'utf8'[0m
  [4;35;1mSQL (0.1ms)[0m   [0mSET SQL_AUTO_IS_NULL=0[0m


Processing PostsController#index (for 127.0.0.1 at 2017-06-14 13:13:55) [GET]
  [4;36;1mPost Load (0.6ms)[0m   [0;1mSELECT * FROM `posts` [0m
Rendering template within layouts/posts
Rendering posts/index
  [4;35;1mPost Columns (1.6ms)[0m   [0mSHOW FIELDS FROM `posts`[0m
Completed in 67ms (View: 59, DB: 3) | 200 OK [http://localhost/posts]
  [4;36;1mSQL (0.1ms)[0m   [0;1mSET NAMES 'utf8'[0m
  [4;35;1mSQL (0.2ms)[0m   [0mSET SQL_AUTO_IS_NULL=0[0m


Processing PostsController#index (for 127.0.0.1 at 2017-06-14 13:14:20) [GET]
  [4;36;1mPost Load (0.5ms)[0m   [0;1mSELECT * FROM `posts` [0m
Rendering template within layouts/posts
Rendering posts/index
  [4;35;1mPost Columns (1.0ms)[0m   [0mSHOW FIELDS FROM `posts`[0m
Completed in 19ms (View: 12, DB: 2) | 200 OK [http://localhost/posts]
  [4;36;1mSQL (0.1ms)[0m   [0;1mSET NAMES 'utf8'[0m
  [4;35;1mSQL (0.1ms)[0m   [0mSET SQL_AUTO_IS_NULL=0[0m


Processing HomeController#index (for 127.0.0.1 at 2017-06-14 13:14:36) [GET]
Rendering home/index
Completed in 4ms (View: 1, DB: 0) | 200 OK [http://localhost/]
  [4;36;1mSQL (0.1ms)[0m   [0;1mSET NAMES 'utf8'[0m
  [4;35;1mSQL (0.1ms)[0m   [0mSET SQL_AUTO_IS_NULL=0[0m


Processing PostsController#index (for 127.0.0.1 at 2017-06-14 13:14:39) [GET]
  [4;36;1mPost Load (0.6ms)[0m   [0;1mSELECT * FROM `posts` [0m
Rendering template within layouts/posts
Rendering posts/index
  [4;35;1mPost Columns (1.0ms)[0m   [0mSHOW FIELDS FROM `posts`[0m
Completed in 17ms (View: 10, DB: 2) | 200 OK [http://localhost/posts]
  [4;36;1mSQL (0.2ms)[0m   [0;1mSET NAMES 'utf8'[0m
  [4;35;1mSQL (0.1ms)[0m   [0mSET SQL_AUTO_IS_NULL=0[0m


Processing PostsController#new (for 127.0.0.1 at 2017-06-14 16:33:14) [GET]
  [4;36;1mPost Columns (1.4ms)[0m   [0;1mSHOW FIELDS FROM `posts`[0m
Rendering template within layouts/posts
Rendering posts/new
Completed in 67ms (View: 59, DB: 2) | 200 OK [http://localhost/posts/new]
  [4;35;1mSQL (0.1ms)[0m   [0mSET NAMES 'utf8'[0m
  [4;36;1mSQL (0.1ms)[0m   [0;1mSET SQL_AUTO_IS_NULL=0[0m


Processing PostsController#create (for 127.0.0.1 at 2017-06-14 16:33:19) [POST]
  Parameters: {"commit"=>"Create", "authenticity_token"=>"vpWRw/wVUJB73Ffhcq3ql9c/CMu+GeCQtzJ4tQKzTnQ=", "post"=>{"title"=>"", "name"=>"", "content"=>"dfgrdgdfg"}}
  [4;35;1mPost Columns (1.1ms)[0m   [0mSHOW FIELDS FROM `posts`[0m
  [4;36;1mSQL (0.1ms)[0m   [0;1mBEGIN[0m
  [4;35;1mSQL (0.1ms)[0m   [0mROLLBACK[0m
Rendering template within layouts/posts
Rendering posts/new
Completed in 74ms (View: 60, DB: 1) | 200 OK [http://localhost/posts]
  [4;36;1mSQL (0.1ms)[0m   [0;1mSET NAMES 'utf8'[0m
  [4;35;1mSQL (0.1ms)[0m   [0mSET SQL_AUTO_IS_NULL=0[0m


Processing PostsController#index (for 127.0.0.1 at 2017-06-14 16:35:21) [GET]
  [4;36;1mPost Load (0.4ms)[0m   [0;1mSELECT * FROM `posts` [0m
Rendering template within layouts/posts
Rendering posts/index
  [4;35;1mPost Columns (0.9ms)[0m   [0mSHOW FIELDS FROM `posts`[0m
Completed in 12ms (View: 7, DB: 1) | 200 OK [http://localhost/posts]
  [4;36;1mSQL (0.1ms)[0m   [0;1mSET NAMES 'utf8'[0m
  [4;35;1mSQL (0.1ms)[0m   [0mSET SQL_AUTO_IS_NULL=0[0m


Processing HomeController#index (for 127.0.0.1 at 2017-06-14 16:35:31) [GET]
Rendering home/index
Completed in 2ms (View: 1, DB: 0) | 200 OK [http://localhost/]
  [4;36;1mSQL (0.1ms)[0m   [0;1mSET NAMES 'utf8'[0m
  [4;35;1mSQL (0.2ms)[0m   [0mSET SQL_AUTO_IS_NULL=0[0m


Processing PostsController#index (for 127.0.0.1 at 2017-06-14 16:35:34) [GET]
  [4;36;1mPost Load (0.7ms)[0m   [0;1mSELECT * FROM `posts` [0m
Rendering template within layouts/posts
Rendering posts/index
  [4;35;1mPost Columns (1.1ms)[0m   [0mSHOW FIELDS FROM `posts`[0m
Completed in 20ms (View: 11, DB: 2) | 200 OK [http://localhost/posts]
  [4;36;1mSQL (1.3ms)[0m   [0;1mSET NAMES 'utf8'[0m
  [4;35;1mSQL (0.1ms)[0m   [0mSET SQL_AUTO_IS_NULL=0[0m


Processing PostsController#new (for 127.0.0.1 at 2017-06-14 16:35:34) [GET]
  [4;36;1mPost Columns (1.0ms)[0m   [0;1mSHOW FIELDS FROM `posts`[0m
Rendering template within layouts/posts
Rendering posts/new
Completed in 17ms (View: 9, DB: 2) | 200 OK [http://localhost/posts/new]
  [4;35;1mSQL (0.2ms)[0m   [0mSET NAMES 'utf8'[0m
  [4;36;1mSQL (0.2ms)[0m   [0;1mSET SQL_AUTO_IS_NULL=0[0m


Processing PostsController#index (for 127.0.0.1 at 2017-06-14 16:37:05) [GET]
  [4;35;1mPost Load (0.4ms)[0m   [0mSELECT * FROM `posts` [0m
Rendering template within layouts/posts
Rendering posts/index
  [4;36;1mPost Columns (0.9ms)[0m   [0;1mSHOW FIELDS FROM `posts`[0m
Completed in 14ms (View: 8, DB: 2) | 200 OK [http://localhost/]
  [4;35;1mSQL (0.2ms)[0m   [0mSET NAMES 'utf8'[0m
  [4;36;1mSQL (0.6ms)[0m   [0;1mSET SQL_AUTO_IS_NULL=0[0m


Processing PostsController#new (for 127.0.0.1 at 2017-06-14 16:45:41) [GET]
  [4;35;1mPost Columns (1.1ms)[0m   [0mSHOW FIELDS FROM `posts`[0m
Rendering template within layouts/posts
Rendering posts/new
Completed in 64ms (View: 7, DB: 2) | 200 OK [http://localhost/posts/new]
  [4;36;1mSQL (0.1ms)[0m   [0;1mSET NAMES 'utf8'[0m
  [4;35;1mSQL (0.2ms)[0m   [0mSET SQL_AUTO_IS_NULL=0[0m


Processing PostsController#index (for 127.0.0.1 at 2017-06-14 16:45:55) [GET]
  [4;36;1mPost Load (1.4ms)[0m   [0;1mSELECT * FROM `posts` [0m
Rendering template within layouts/posts
Rendering posts/index
  [4;35;1mPost Columns (0.9ms)[0m   [0mSHOW FIELDS FROM `posts`[0m
Completed in 17ms (View: 10, DB: 3) | 200 OK [http://localhost/posts]
  [4;36;1mSQL (0.1ms)[0m   [0;1mSET NAMES 'utf8'[0m
  [4;35;1mSQL (0.2ms)[0m   [0mSET SQL_AUTO_IS_NULL=0[0m


Processing PostsController#new (for 127.0.0.1 at 2017-06-14 16:45:57) [GET]
  [4;36;1mPost Columns (1.2ms)[0m   [0;1mSHOW FIELDS FROM `posts`[0m
Rendering template within layouts/posts
Rendering posts/new
Completed in 15ms (View: 8, DB: 1) | 200 OK [http://localhost/posts/new]
  [4;35;1mSQL (0.1ms)[0m   [0mSET NAMES 'utf8'[0m
  [4;36;1mSQL (0.1ms)[0m   [0;1mSET SQL_AUTO_IS_NULL=0[0m


Processing PostsController#create (for 127.0.0.1 at 2017-06-14 16:46:18) [POST]
  Parameters: {"commit"=>"Create", "authenticity_token"=>"vpWRw/wVUJB73Ffhcq3ql9c/CMu+GeCQtzJ4tQKzTnQ=", "post"=>{"title"=>"referfferfrffref", "name"=>"dsfdgtr", "content"=>"rferferf"}}
  [4;35;1mPost Columns (1.2ms)[0m   [0mSHOW FIELDS FROM `posts`[0m
  [4;36;1mSQL (0.1ms)[0m   [0;1mBEGIN[0m
  [4;35;1mPost Create (55.0ms)[0m   [0mINSERT INTO `posts` (`title`, `updated_at`, `name`, `created_at`, `content`) VALUES('referfferfrffref', '2017-06-14 11:16:18', 'dsfdgtr', '2017-06-14 11:16:18', 'rferferf')[0m
  [4;36;1mSQL (150.1ms)[0m   [0;1mCOMMIT[0m
Redirected to http://localhost:3000/posts/3
Completed in 297ms (DB: 207) | 302 Found [http://localhost/posts]
  [4;35;1mSQL (0.3ms)[0m   [0mSET NAMES 'utf8'[0m
  [4;36;1mSQL (0.1ms)[0m   [0;1mSET SQL_AUTO_IS_NULL=0[0m


Processing PostsController#show (for 127.0.0.1 at 2017-06-14 16:46:18) [GET]
  Parameters: {"id"=>"3"}
  [4;35;1mPost Columns (1.0ms)[0m   [0mSHOW FIELDS FROM `posts`[0m
  [4;36;1mPost Load (11.8ms)[0m   [0;1mSELECT * FROM `posts` WHERE (`posts`.`id` = 3) [0m
Rendering template within layouts/posts
Rendering posts/show
Completed in 26ms (View: 7, DB: 13) | 200 OK [http://localhost/posts/3]
  [4;35;1mSQL (1.3ms)[0m   [0mSET NAMES 'utf8'[0m
  [4;36;1mSQL (0.2ms)[0m   [0;1mSET SQL_AUTO_IS_NULL=0[0m


Processing PostsController#show to xml (for 127.0.0.1 at 2017-06-14 16:49:10) [GET]
  Parameters: {"id"=>"3"}
  [4;35;1mPost Columns (1.0ms)[0m   [0mSHOW FIELDS FROM `posts`[0m
  [4;36;1mPost Load (0.6ms)[0m   [0;1mSELECT * FROM `posts` WHERE (`posts`.`id` = 3) [0m
Completed in 13ms (View: 3, DB: 3) | 200 OK [http://localhost/posts/3.xml]
  [4;35;1mSQL (0.5ms)[0m   [0mSET NAMES 'utf8'[0m
  [4;36;1mSQL (0.4ms)[0m   [0;1mSET SQL_AUTO_IS_NULL=0[0m


Processing PostsController#index (for 127.0.0.1 at 2017-06-14 16:56:36) [GET]
  [4;35;1mPost Load (0.4ms)[0m   [0mSELECT * FROM `posts` [0m
Rendering template within layouts/posts
Rendering posts/index
  [4;36;1mPost Columns (0.9ms)[0m   [0;1mSHOW FIELDS FROM `posts`[0m
Completed in 72ms (View: 63, DB: 2) | 200 OK [http://localhost/]
  [4;35;1mSQL (0.6ms)[0m   [0mSET NAMES 'utf8'[0m
  [4;36;1mSQL (0.2ms)[0m   [0;1mSET SQL_AUTO_IS_NULL=0[0m


Processing PostsController#new (for 127.0.0.1 at 2017-06-14 16:56:38) [GET]
  [4;35;1mPost Columns (1.3ms)[0m   [0mSHOW FIELDS FROM `posts`[0m
Rendering template within layouts/posts
Rendering posts/new
Completed in 16ms (View: 9, DB: 2) | 200 OK [http://localhost/posts/new]
  [4;36;1mSQL (0.1ms)[0m   [0;1mSET NAMES 'utf8'[0m
  [4;35;1mSQL (0.1ms)[0m   [0mSET SQL_AUTO_IS_NULL=0[0m


Processing PostsController#create (for 127.0.0.1 at 2017-06-14 16:56:51) [POST]
  Parameters: {"commit"=>"Create", "authenticity_token"=>"vpWRw/wVUJB73Ffhcq3ql9c/CMu+GeCQtzJ4tQKzTnQ=", "post"=>{"title"=>"sdsssd", "name"=>"<adsdsas", "content"=>"sadas"}}
  [4;36;1mPost Columns (3.1ms)[0m   [0;1mSHOW FIELDS FROM `posts`[0m
  [4;35;1mSQL (0.4ms)[0m   [0mBEGIN[0m
  [4;36;1mPost Create (0.9ms)[0m   [0;1mINSERT INTO `posts` (`title`, `updated_at`, `name`, `created_at`, `content`) VALUES('sdsssd', '2017-06-14 11:26:51', '<adsdsas', '2017-06-14 11:26:51', 'sadas')[0m
  [4;35;1mSQL (166.6ms)[0m   [0mCOMMIT[0m
Redirected to http://localhost:3000/posts/4
Completed in 184ms (DB: 171) | 302 Found [http://localhost/posts]
  [4;36;1mSQL (0.1ms)[0m   [0;1mSET NAMES 'utf8'[0m
  [4;35;1mSQL (0.1ms)[0m   [0mSET SQL_AUTO_IS_NULL=0[0m


Processing PostsController#show (for 127.0.0.1 at 2017-06-14 16:56:51) [GET]
  Parameters: {"id"=>"4"}
  [4;36;1mPost Columns (1.1ms)[0m   [0;1mSHOW FIELDS FROM `posts`[0m
  [4;35;1mPost Load (1.1ms)[0m   [0mSELECT * FROM `posts` WHERE (`posts`.`id` = 4) [0m
Rendering template within layouts/posts
Rendering posts/show
Completed in 12ms (View: 3, DB: 2) | 200 OK [http://localhost/posts/4]
  [4;36;1mSQL (0.1ms)[0m   [0;1mSET NAMES 'utf8'[0m
  [4;35;1mSQL (0.2ms)[0m   [0mSET SQL_AUTO_IS_NULL=0[0m


Processing PostsController#index (for 127.0.0.1 at 2017-06-14 16:57:40) [GET]
  [4;36;1mPost Load (0.5ms)[0m   [0;1mSELECT * FROM `posts` [0m
Rendering template within layouts/posts
Rendering posts/index
  [4;35;1mPost Columns (1.0ms)[0m   [0mSHOW FIELDS FROM `posts`[0m
Completed in 24ms (View: 15, DB: 2) | 200 OK [http://localhost/posts]
  [4;36;1mSQL (0.5ms)[0m   [0;1mSET NAMES 'utf8'[0m
  [4;35;1mSQL (0.2ms)[0m   [0mSET SQL_AUTO_IS_NULL=0[0m


Processing PostsController#index (for 127.0.0.1 at 2017-06-14 16:58:58) [GET]
  [4;36;1mPost Load (0.5ms)[0m   [0;1mSELECT * FROM `posts` [0m
Rendering template within layouts/posts
Rendering posts/index
  [4;35;1mPost Columns (1.0ms)[0m   [0mSHOW FIELDS FROM `posts`[0m
Completed in 26ms (View: 18, DB: 2) | 200 OK [http://localhost/posts]
  [4;36;1mSQL (0.1ms)[0m   [0;1mSET NAMES 'utf8'[0m
  [4;35;1mSQL (0.1ms)[0m   [0mSET SQL_AUTO_IS_NULL=0[0m


Processing PostsController#new (for 127.0.0.1 at 2017-06-14 16:59:25) [GET]
  [4;36;1mPost Columns (0.9ms)[0m   [0;1mSHOW FIELDS FROM `posts`[0m
Rendering template within layouts/posts
Rendering posts/new
Completed in 14ms (View: 9, DB: 1) | 200 OK [http://localhost/posts/new]
  [4;35;1mSQL (0.1ms)[0m   [0mSET NAMES 'utf8'[0m
  [4;36;1mSQL (0.1ms)[0m   [0;1mSET SQL_AUTO_IS_NULL=0[0m


Processing PostsController#create (for 127.0.0.1 at 2017-06-14 16:59:39) [POST]
  Parameters: {"commit"=>"Create", "authenticity_token"=>"vpWRw/wVUJB73Ffhcq3ql9c/CMu+GeCQtzJ4tQKzTnQ=", "post"=>{"title"=>"ewrewer", "name"=>"<fdsfef", "content"=>"erere"}}
  [4;35;1mPost Columns (1.1ms)[0m   [0mSHOW FIELDS FROM `posts`[0m
  [4;36;1mSQL (0.2ms)[0m   [0;1mBEGIN[0m
  [4;35;1mPost Create (0.4ms)[0m   [0mINSERT INTO `posts` (`title`, `updated_at`, `name`, `created_at`, `content`) VALUES('ewrewer', '2017-06-14 11:29:39', '<fdsfef', '2017-06-14 11:29:39', 'erere')[0m
  [4;36;1mSQL (82.9ms)[0m   [0;1mCOMMIT[0m
Redirected to http://localhost:3000/posts/5
Completed in 95ms (DB: 85) | 302 Found [http://localhost/posts]
  [4;35;1mSQL (0.1ms)[0m   [0mSET NAMES 'utf8'[0m
  [4;36;1mSQL (0.1ms)[0m   [0;1mSET SQL_AUTO_IS_NULL=0[0m


Processing PostsController#show (for 127.0.0.1 at 2017-06-14 16:59:39) [GET]
  Parameters: {"id"=>"5"}
  [4;35;1mPost Columns (0.9ms)[0m   [0mSHOW FIELDS FROM `posts`[0m
  [4;36;1mPost Load (0.3ms)[0m   [0;1mSELECT * FROM `posts` WHERE (`posts`.`id` = 5) [0m
Rendering template within layouts/posts
Rendering posts/show
Completed in 10ms (View: 3, DB: 1) | 200 OK [http://localhost/posts/5]
  [4;35;1mSQL (0.2ms)[0m   [0mSET NAMES 'utf8'[0m
  [4;36;1mSQL (0.3ms)[0m   [0;1mSET SQL_AUTO_IS_NULL=0[0m


Processing PostsController#index (for 127.0.0.1 at 2017-06-14 16:59:45) [GET]
  [4;35;1mPost Load (0.5ms)[0m   [0mSELECT * FROM `posts` [0m
Rendering template within layouts/posts
Rendering posts/index
  [4;36;1mPost Columns (1.1ms)[0m   [0;1mSHOW FIELDS FROM `posts`[0m
Completed in 27ms (View: 19, DB: 2) | 200 OK [http://localhost/posts]
  [4;35;1mSQL (0.6ms)[0m   [0mSET NAMES 'utf8'[0m
  [4;36;1mSQL (0.5ms)[0m   [0;1mSET SQL_AUTO_IS_NULL=0[0m


Processing PostsController#new (for 127.0.0.1 at 2017-06-14 17:00:33) [GET]
  [4;35;1mPost Columns (1.4ms)[0m   [0mSHOW FIELDS FROM `posts`[0m
Rendering template within layouts/posts
Rendering posts/new
Completed in 22ms (View: 14, DB: 3) | 200 OK [http://localhost/posts/new]
  [4;36;1mSQL (0.1ms)[0m   [0;1mSET NAMES 'utf8'[0m
  [4;35;1mSQL (0.2ms)[0m   [0mSET SQL_AUTO_IS_NULL=0[0m


Processing PostsController#create (for 127.0.0.1 at 2017-06-14 17:00:41) [POST]
  Parameters: {"commit"=>"Create", "authenticity_token"=>"vpWRw/wVUJB73Ffhcq3ql9c/CMu+GeCQtzJ4tQKzTnQ=", "post"=>{"title"=>"df", "name"=>"<>g", "content"=>"qw"}}
  [4;36;1mPost Columns (0.9ms)[0m   [0;1mSHOW FIELDS FROM `posts`[0m
  [4;35;1mSQL (0.1ms)[0m   [0mBEGIN[0m
  [4;36;1mSQL (0.1ms)[0m   [0;1mROLLBACK[0m
Rendering template within layouts/posts
Rendering posts/new
Completed in 59ms (View: 7, DB: 1) | 200 OK [http://localhost/posts]
  [4;35;1mSQL (0.1ms)[0m   [0mSET NAMES 'utf8'[0m
  [4;36;1mSQL (0.1ms)[0m   [0;1mSET SQL_AUTO_IS_NULL=0[0m


Processing PostsController#create (for 127.0.0.1 at 2017-06-14 17:00:50) [POST]
  Parameters: {"commit"=>"Create", "authenticity_token"=>"vpWRw/wVUJB73Ffhcq3ql9c/CMu+GeCQtzJ4tQKzTnQ=", "post"=>{"title"=>"dfdff", "name"=>"<>g", "content"=>"qw"}}
  [4;35;1mPost Columns (1.0ms)[0m   [0mSHOW FIELDS FROM `posts`[0m
  [4;36;1mSQL (0.1ms)[0m   [0;1mBEGIN[0m
  [4;35;1mPost Create (0.4ms)[0m   [0mINSERT INTO `posts` (`title`, `updated_at`, `name`, `created_at`, `content`) VALUES('dfdff', '2017-06-14 11:30:50', '<>g', '2017-06-14 11:30:50', 'qw')[0m
  [4;36;1mSQL (237.0ms)[0m   [0;1mCOMMIT[0m
Redirected to http://localhost:3000/posts/6
Completed in 247ms (DB: 239) | 302 Found [http://localhost/posts]
  [4;35;1mSQL (0.1ms)[0m   [0mSET NAMES 'utf8'[0m
  [4;36;1mSQL (0.1ms)[0m   [0;1mSET SQL_AUTO_IS_NULL=0[0m


Processing PostsController#show (for 127.0.0.1 at 2017-06-14 17:00:50) [GET]
  Parameters: {"id"=>"6"}
  [4;35;1mPost Columns (1.0ms)[0m   [0mSHOW FIELDS FROM `posts`[0m
  [4;36;1mPost Load (0.3ms)[0m   [0;1mSELECT * FROM `posts` WHERE (`posts`.`id` = 6) [0m
Rendering template within layouts/posts
Rendering posts/show
Completed in 12ms (View: 6, DB: 2) | 200 OK [http://localhost/posts/6]
  [4;35;1mSQL (0.1ms)[0m   [0mSET NAMES 'utf8'[0m
  [4;36;1mSQL (0.1ms)[0m   [0;1mSET SQL_AUTO_IS_NULL=0[0m


Processing PostsController#index (for 127.0.0.1 at 2017-06-14 17:00:56) [GET]
  [4;35;1mPost Load (2.2ms)[0m   [0mSELECT * FROM `posts` [0m
Rendering template within layouts/posts
Rendering posts/index
  [4;36;1mPost Columns (1.1ms)[0m   [0;1mSHOW FIELDS FROM `posts`[0m
Completed in 32ms (View: 20, DB: 4) | 200 OK [http://localhost/posts]
  [4;35;1mSQL (0.1ms)[0m   [0mSET NAMES 'utf8'[0m
  [4;36;1mSQL (0.3ms)[0m   [0;1mSET SQL_AUTO_IS_NULL=0[0m


Processing PostsController#new (for 127.0.0.1 at 2017-06-14 17:01:54) [GET]
  [4;35;1mPost Columns (1.4ms)[0m   [0mSHOW FIELDS FROM `posts`[0m
Rendering template within layouts/posts
Rendering posts/new
Completed in 16ms (View: 9, DB: 2) | 200 OK [http://localhost/posts/new]
  [4;36;1mSQL (0.1ms)[0m   [0;1mSET NAMES 'utf8'[0m
  [4;35;1mSQL (0.2ms)[0m   [0mSET SQL_AUTO_IS_NULL=0[0m


Processing PostsController#index (for 127.0.0.1 at 2017-06-14 17:02:25) [GET]
  [4;36;1mPost Load (0.8ms)[0m   [0;1mSELECT * FROM `posts` [0m
Rendering template within layouts/posts
Rendering posts/index
  [4;35;1mPost Columns (1.2ms)[0m   [0mSHOW FIELDS FROM `posts`[0m
Completed in 73ms (View: 64, DB: 2) | 200 OK [http://localhost/posts/]
  [4;36;1mSQL (0.1ms)[0m   [0;1mSET NAMES 'utf8'[0m
  [4;35;1mSQL (0.2ms)[0m   [0mSET SQL_AUTO_IS_NULL=0[0m


Processing PostsController#show (for 127.0.0.1 at 2017-06-14 17:02:34) [GET]
  Parameters: {"id"=>"show"}
  [4;36;1mPost Columns (1.8ms)[0m   [0;1mSHOW FIELDS FROM `posts`[0m
  [4;35;1mPost Load (1.1ms)[0m   [0mSELECT * FROM `posts` WHERE (`posts`.`id` = 0) [0m

ActiveRecord::RecordNotFound (Couldn't find Post with ID=show):
  app/controllers/posts_controller.rb:16:in `show'
  /home/malavika/.rbenv/versions/1.8.7-p370/lib/ruby/1.8/webrick/httpserver.rb:104:in `service'
  /home/malavika/.rbenv/versions/1.8.7-p370/lib/ruby/1.8/webrick/httpserver.rb:65:in `run'
  /home/malavika/.rbenv/versions/1.8.7-p370/lib/ruby/1.8/webrick/server.rb:173:in `start_thread'
  /home/malavika/.rbenv/versions/1.8.7-p370/lib/ruby/1.8/webrick/server.rb:162:in `start'
  /home/malavika/.rbenv/versions/1.8.7-p370/lib/ruby/1.8/webrick/server.rb:162:in `start_thread'
  /home/malavika/.rbenv/versions/1.8.7-p370/lib/ruby/1.8/webrick/server.rb:95:in `start'
  /home/malavika/.rbenv/versions/1.8.7-p370/lib/ruby/1.8/webrick/server.rb:92:in `each'
  /home/malavika/.rbenv/versions/1.8.7-p370/lib/ruby/1.8/webrick/server.rb:92:in `start'
  /home/malavika/.rbenv/versions/1.8.7-p370/lib/ruby/1.8/webrick/server.rb:23:in `start'
  /home/malavika/.rbenv/versions/1.8.7-p370/lib/ruby/1.8/webrick/server.rb:82:in `start'

Rendered rescues/_trace (48.3ms)
Rendered rescues/_request_and_response (1.2ms)
Rendering rescues/layout (not_found)
  [4;36;1mSQL (0.1ms)[0m   [0;1mSET NAMES 'utf8'[0m
  [4;35;1mSQL (0.2ms)[0m   [0mSET SQL_AUTO_IS_NULL=0[0m


Processing PostsController#show (for 127.0.0.1 at 2017-06-14 17:02:41) [GET]
  Parameters: {"id"=>"1"}
  [4;36;1mPost Columns (1.0ms)[0m   [0;1mSHOW FIELDS FROM `posts`[0m
  [4;35;1mPost Load (0.3ms)[0m   [0mSELECT * FROM `posts` WHERE (`posts`.`id` = 1) [0m
Rendering template within layouts/posts
Rendering posts/show
Completed in 10ms (View: 3, DB: 2) | 200 OK [http://localhost/posts/1]
  [4;36;1mSQL (1.1ms)[0m   [0;1mSET NAMES 'utf8'[0m
  [4;35;1mSQL (0.2ms)[0m   [0mSET SQL_AUTO_IS_NULL=0[0m


Processing PostsController#show (for 127.0.0.1 at 2017-06-14 17:02:52) [GET]
  Parameters: {"id"=>"5"}
  [4;36;1mPost Columns (1.0ms)[0m   [0;1mSHOW FIELDS FROM `posts`[0m
  [4;35;1mPost Load (0.4ms)[0m   [0mSELECT * FROM `posts` WHERE (`posts`.`id` = 5) [0m
Rendering template within layouts/posts
Rendering posts/show
Completed in 13ms (View: 4, DB: 3) | 200 OK [http://localhost/posts/5]
  [4;36;1mSQL (0.1ms)[0m   [0;1mSET NAMES 'utf8'[0m
  [4;35;1mSQL (0.1ms)[0m   [0mSET SQL_AUTO_IS_NULL=0[0m


Processing PostsController#index (for 127.0.0.1 at 2017-06-14 17:03:34) [GET]
  [4;36;1mPost Load (0.3ms)[0m   [0;1mSELECT * FROM `posts` [0m
Rendering template within layouts/posts
Rendering posts/index
  [4;35;1mPost Columns (0.7ms)[0m   [0mSHOW FIELDS FROM `posts`[0m
Completed in 64ms (View: 14, DB: 1) | 200 OK [http://localhost/]
  [4;36;1mSQL (1.2ms)[0m   [0;1mSET NAMES 'utf8'[0m
  [4;35;1mSQL (0.3ms)[0m   [0mSET SQL_AUTO_IS_NULL=0[0m


Processing PostsController#show (for 127.0.0.1 at 2017-06-14 17:03:36) [GET]
  Parameters: {"id"=>"1"}
  [4;36;1mPost Columns (1.1ms)[0m   [0;1mSHOW FIELDS FROM `posts`[0m
  [4;35;1mPost Load (0.5ms)[0m   [0mSELECT * FROM `posts` WHERE (`posts`.`id` = 1) [0m
Rendering template within layouts/posts
Rendering posts/show
Completed in 16ms (View: 4, DB: 3) | 200 OK [http://localhost/posts/1]
  [4;36;1mSQL (0.1ms)[0m   [0;1mSET NAMES 'utf8'[0m
  [4;35;1mSQL (0.2ms)[0m   [0mSET SQL_AUTO_IS_NULL=0[0m


Processing PostsController#index (for 127.0.0.1 at 2017-06-14 17:05:21) [GET]
  [4;36;1mPost Load (0.9ms)[0m   [0;1mSELECT * FROM `posts` [0m
Rendering template within layouts/posts
Rendering posts/index
  [4;35;1mPost Columns (1.0ms)[0m   [0mSHOW FIELDS FROM `posts`[0m
Completed in 31ms (View: 22, DB: 2) | 200 OK [http://localhost/posts]
  [4;36;1mSQL (0.1ms)[0m   [0;1mSET NAMES 'utf8'[0m
  [4;35;1mSQL (0.2ms)[0m   [0mSET SQL_AUTO_IS_NULL=0[0m


Processing PostsController#show (for 127.0.0.1 at 2017-06-14 17:05:33) [GET]
  Parameters: {"id"=>"1"}
  [4;36;1mPost Columns (1.7ms)[0m   [0;1mSHOW FIELDS FROM `posts`[0m
  [4;35;1mPost Load (0.4ms)[0m   [0mSELECT * FROM `posts` WHERE (`posts`.`id` = 1) [0m
Rendering template within layouts/posts
Rendering posts/show
Completed in 12ms (View: 3, DB: 2) | 200 OK [http://localhost/posts/1]
  [4;36;1mSQL (0.1ms)[0m   [0;1mSET NAMES 'utf8'[0m
  [4;35;1mSQL (0.6ms)[0m   [0mSET SQL_AUTO_IS_NULL=0[0m


Processing PostsController#edit (for 127.0.0.1 at 2017-06-14 17:06:21) [GET]
  Parameters: {"id"=>"1"}
  [4;36;1mPost Columns (1.1ms)[0m   [0;1mSHOW FIELDS FROM `posts`[0m
  [4;35;1mPost Load (0.4ms)[0m   [0mSELECT * FROM `posts` WHERE (`posts`.`id` = 1) [0m
Rendering template within layouts/posts
Rendering posts/edit
Completed in 22ms (View: 15, DB: 2) | 200 OK [http://localhost/posts/1/edit]
  [4;36;1mSQL (0.1ms)[0m   [0;1mSET NAMES 'utf8'[0m
  [4;35;1mSQL (0.1ms)[0m   [0mSET SQL_AUTO_IS_NULL=0[0m


Processing PostsController#edit (for 127.0.0.1 at 2017-06-14 17:32:24) [GET]
  Parameters: {"id"=>"1"}
  [4;36;1mPost Columns (1.1ms)[0m   [0;1mSHOW FIELDS FROM `posts`[0m
  [4;35;1mPost Load (0.6ms)[0m   [0mSELECT * FROM `posts` WHERE (`posts`.`id` = 1) [0m
Rendering template within layouts/posts
Rendering posts/edit
Rendered posts/_form (13.2ms)
Completed in 71ms (View: 63, DB: 2) | 200 OK [http://localhost/posts/1/edit]
  [4;36;1mSQL (0.1ms)[0m   [0;1mSET NAMES 'utf8'[0m
  [4;35;1mSQL (0.3ms)[0m   [0mSET SQL_AUTO_IS_NULL=0[0m


Processing PostsController#index (for 127.0.0.1 at 2017-06-14 17:32:31) [GET]
  [4;36;1mPost Load (0.4ms)[0m   [0;1mSELECT * FROM `posts` [0m
Rendering template within layouts/posts
Rendering posts/index
  [4;35;1mPost Columns (0.8ms)[0m   [0mSHOW FIELDS FROM `posts`[0m
Completed in 23ms (View: 17, DB: 2) | 200 OK [http://localhost/]
  [4;36;1mSQL (0.1ms)[0m   [0;1mSET NAMES 'utf8'[0m
  [4;35;1mSQL (0.1ms)[0m   [0mSET SQL_AUTO_IS_NULL=0[0m


Processing PostsController#new (for 127.0.0.1 at 2017-06-14 17:32:34) [GET]
  [4;36;1mPost Columns (0.8ms)[0m   [0;1mSHOW FIELDS FROM `posts`[0m
Rendering template within layouts/posts
Rendering posts/new
Rendered posts/_form (5.8ms)
Completed in 16ms (View: 10, DB: 1) | 200 OK [http://localhost/posts/new]
  [4;35;1mSQL (0.1ms)[0m   [0mSET NAMES 'utf8'[0m
  [4;36;1mSQL (0.1ms)[0m   [0;1mSET SQL_AUTO_IS_NULL=0[0m


Processing PostsController#new (for 127.0.0.1 at 2017-06-14 17:33:15) [GET]
  [4;35;1mPost Columns (1.2ms)[0m   [0mSHOW FIELDS FROM `posts`[0m
Rendering template within layouts/posts
Rendering posts/new
Rendered posts/_form (7.5ms)
Completed in 20ms (View: 12, DB: 1) | 200 OK [http://localhost/posts/new]
  [4;36;1mSQL (0.8ms)[0m   [0;1mSET NAMES 'utf8'[0m
  [4;35;1mSQL (0.2ms)[0m   [0mSET SQL_AUTO_IS_NULL=0[0m


Processing PostsController#create (for 127.0.0.1 at 2017-06-14 17:33:28) [POST]
  Parameters: {"commit"=>"Update", "authenticity_token"=>"vpWRw/wVUJB73Ffhcq3ql9c/CMu+GeCQtzJ4tQKzTnQ=", "post"=>{"title"=>"cxcxcx", "name"=>"cdfdxc", "content"=>"xcxcc"}}
  [4;36;1mPost Columns (2.8ms)[0m   [0;1mSHOW FIELDS FROM `posts`[0m
  [4;35;1mSQL (1.8ms)[0m   [0mBEGIN[0m
  [4;36;1mPost Create (0.9ms)[0m   [0;1mINSERT INTO `posts` (`title`, `updated_at`, `name`, `created_at`, `content`) VALUES('cxcxcx', '2017-06-14 12:03:28', 'cdfdxc', '2017-06-14 12:03:28', 'xcxcc')[0m
  [4;35;1mSQL (97.5ms)[0m   [0mCOMMIT[0m
Redirected to http://localhost:3000/posts/7
Completed in 113ms (DB: 104) | 302 Found [http://localhost/posts]
  [4;36;1mSQL (0.1ms)[0m   [0;1mSET NAMES 'utf8'[0m
  [4;35;1mSQL (0.1ms)[0m   [0mSET SQL_AUTO_IS_NULL=0[0m


Processing PostsController#show (for 127.0.0.1 at 2017-06-14 17:33:28) [GET]
  Parameters: {"id"=>"7"}
  [4;36;1mPost Columns (0.8ms)[0m   [0;1mSHOW FIELDS FROM `posts`[0m
  [4;35;1mPost Load (0.2ms)[0m   [0mSELECT * FROM `posts` WHERE (`posts`.`id` = 7) [0m
Rendering template within layouts/posts
Rendering posts/show
Completed in 52ms (View: 2, DB: 1) | 200 OK [http://localhost/posts/7]
  [4;36;1mSQL (0.2ms)[0m   [0;1mSET NAMES 'utf8'[0m
  [4;35;1mSQL (0.2ms)[0m   [0mSET SQL_AUTO_IS_NULL=0[0m


Processing PostsController#edit (for 127.0.0.1 at 2017-06-14 17:33:33) [GET]
  Parameters: {"id"=>"7"}
  [4;36;1mPost Columns (1.2ms)[0m   [0;1mSHOW FIELDS FROM `posts`[0m
  [4;35;1mPost Load (0.9ms)[0m   [0mSELECT * FROM `posts` WHERE (`posts`.`id` = 7) [0m
Rendering template within layouts/posts
Rendering posts/edit
Rendered posts/_form (8.7ms)
Completed in 24ms (View: 12, DB: 3) | 200 OK [http://localhost/posts/7/edit]
  [4;36;1mSQL (0.1ms)[0m   [0;1mSET NAMES 'utf8'[0m
  [4;35;1mSQL (0.1ms)[0m   [0mSET SQL_AUTO_IS_NULL=0[0m


Processing PostsController#index (for 127.0.0.1 at 2017-06-14 17:33:36) [GET]
  [4;36;1mPost Load (0.4ms)[0m   [0;1mSELECT * FROM `posts` [0m
Rendering template within layouts/posts
Rendering posts/index
  [4;35;1mPost Columns (0.7ms)[0m   [0mSHOW FIELDS FROM `posts`[0m
Completed in 23ms (View: 16, DB: 1) | 200 OK [http://localhost/posts]
  [4;36;1mSQL (0.1ms)[0m   [0;1mSET NAMES 'utf8'[0m
  [4;35;1mSQL (0.3ms)[0m   [0mSET SQL_AUTO_IS_NULL=0[0m


Processing PostsController#edit (for 127.0.0.1 at 2017-06-14 17:33:41) [GET]
  Parameters: {"id"=>"7"}
  [4;36;1mPost Columns (1.3ms)[0m   [0;1mSHOW FIELDS FROM `posts`[0m
  [4;35;1mPost Load (0.5ms)[0m   [0mSELECT * FROM `posts` WHERE (`posts`.`id` = 7) [0m
Rendering template within layouts/posts
Rendering posts/edit
Rendered posts/_form (8.2ms)
Completed in 19ms (View: 11, DB: 2) | 200 OK [http://localhost/posts/7/edit]
  [4;36;1mSQL (0.4ms)[0m   [0;1mSET NAMES 'utf8'[0m
  [4;35;1mSQL (0.2ms)[0m   [0mSET SQL_AUTO_IS_NULL=0[0m


Processing PostsController#show (for 127.0.0.1 at 2017-06-14 17:33:47) [GET]
  Parameters: {"id"=>"4"}
  [4;36;1mPost Columns (1.4ms)[0m   [0;1mSHOW FIELDS FROM `posts`[0m
  [4;35;1mPost Load (0.5ms)[0m   [0mSELECT * FROM `posts` WHERE (`posts`.`id` = 4) [0m
Rendering template within layouts/posts
Rendering posts/show
Completed in 12ms (View: 3, DB: 2) | 200 OK [http://localhost/posts/4]
  [4;36;1mSQL (0.1ms)[0m   [0;1mSET NAMES 'utf8'[0m
  [4;35;1mSQL (0.1ms)[0m   [0mSET SQL_AUTO_IS_NULL=0[0m


Processing PostsController#index (for 127.0.0.1 at 2017-06-14 17:33:49) [GET]
  [4;36;1mPost Load (0.5ms)[0m   [0;1mSELECT * FROM `posts` [0m
Rendering template within layouts/posts
Rendering posts/index
  [4;35;1mPost Columns (1.0ms)[0m   [0mSHOW FIELDS FROM `posts`[0m
Completed in 28ms (View: 21, DB: 2) | 200 OK [http://localhost/posts]
  [4;36;1mSQL (0.1ms)[0m   [0;1mSET NAMES 'utf8'[0m
  [4;35;1mSQL (0.1ms)[0m   [0mSET SQL_AUTO_IS_NULL=0[0m


Processing PostsController#index (for 127.0.0.1 at 2017-06-14 17:33:53) [GET]
  [4;36;1mPost Load (0.4ms)[0m   [0;1mSELECT * FROM `posts` [0m
Rendering template within layouts/posts
Rendering posts/index
  [4;35;1mPost Columns (0.8ms)[0m   [0mSHOW FIELDS FROM `posts`[0m
Completed in 24ms (View: 19, DB: 1) | 200 OK [http://localhost/posts]
  [4;36;1mSQL (0.1ms)[0m   [0;1mSET NAMES 'utf8'[0m
  [4;35;1mSQL (0.1ms)[0m   [0mSET SQL_AUTO_IS_NULL=0[0m


Processing PostsController#destroy (for 127.0.0.1 at 2017-06-14 17:33:59) [DELETE]
  Parameters: {"authenticity_token"=>"vpWRw/wVUJB73Ffhcq3ql9c/CMu+GeCQtzJ4tQKzTnQ=", "id"=>"3"}
  [4;36;1mPost Columns (1.1ms)[0m   [0;1mSHOW FIELDS FROM `posts`[0m
  [4;35;1mPost Load (0.4ms)[0m   [0mSELECT * FROM `posts` WHERE (`posts`.`id` = 3) [0m
  [4;36;1mSQL (0.1ms)[0m   [0;1mBEGIN[0m
  [4;35;1mPost Destroy (81.4ms)[0m   [0mDELETE FROM `posts` WHERE `id` = 3[0m
  [4;36;1mSQL (151.6ms)[0m   [0;1mCOMMIT[0m
Redirected to http://localhost:3000/posts
Completed in 242ms (DB: 235) | 302 Found [http://localhost/posts/3]
  [4;35;1mSQL (0.1ms)[0m   [0mSET NAMES 'utf8'[0m
  [4;36;1mSQL (0.1ms)[0m   [0;1mSET SQL_AUTO_IS_NULL=0[0m


Processing PostsController#index (for 127.0.0.1 at 2017-06-14 17:34:00) [GET]
  [4;35;1mPost Load (0.4ms)[0m   [0mSELECT * FROM `posts` [0m
Rendering template within layouts/posts
Rendering posts/index
  [4;36;1mPost Columns (0.7ms)[0m   [0;1mSHOW FIELDS FROM `posts`[0m
Completed in 19ms (View: 13, DB: 1) | 200 OK [http://localhost/posts]
  [4;35;1mSQL (0.1ms)[0m   [0mSET NAMES 'utf8'[0m
  [4;36;1mSQL (0.1ms)[0m   [0;1mSET SQL_AUTO_IS_NULL=0[0m


Processing PostsController#destroy (for 127.0.0.1 at 2017-06-14 17:34:02) [DELETE]
  Parameters: {"authenticity_token"=>"vpWRw/wVUJB73Ffhcq3ql9c/CMu+GeCQtzJ4tQKzTnQ=", "id"=>"4"}
  [4;35;1mPost Columns (1.0ms)[0m   [0mSHOW FIELDS FROM `posts`[0m
  [4;36;1mPost Load (0.4ms)[0m   [0;1mSELECT * FROM `posts` WHERE (`posts`.`id` = 4) [0m
  [4;35;1mSQL (0.1ms)[0m   [0mBEGIN[0m
  [4;36;1mPost Destroy (0.3ms)[0m   [0;1mDELETE FROM `posts` WHERE `id` = 4[0m
  [4;35;1mSQL (28.0ms)[0m   [0mCOMMIT[0m
Redirected to http://localhost:3000/posts
Completed in 37ms (DB: 30) | 302 Found [http://localhost/posts/4]
  [4;36;1mSQL (0.1ms)[0m   [0;1mSET NAMES 'utf8'[0m
  [4;35;1mSQL (0.1ms)[0m   [0mSET SQL_AUTO_IS_NULL=0[0m


Processing PostsController#index (for 127.0.0.1 at 2017-06-14 17:34:02) [GET]
  [4;36;1mPost Load (0.5ms)[0m   [0;1mSELECT * FROM `posts` [0m
Rendering template within layouts/posts
Rendering posts/index
  [4;35;1mPost Columns (0.8ms)[0m   [0mSHOW FIELDS FROM `posts`[0m
Completed in 19ms (View: 14, DB: 1) | 200 OK [http://localhost/posts]
  [4;36;1mSQL (0.1ms)[0m   [0;1mSET NAMES 'utf8'[0m
  [4;35;1mSQL (0.2ms)[0m   [0mSET SQL_AUTO_IS_NULL=0[0m


Processing PostsController#destroy (for 127.0.0.1 at 2017-06-14 17:34:05) [DELETE]
  Parameters: {"authenticity_token"=>"vpWRw/wVUJB73Ffhcq3ql9c/CMu+GeCQtzJ4tQKzTnQ=", "id"=>"5"}
  [4;36;1mPost Columns (0.9ms)[0m   [0;1mSHOW FIELDS FROM `posts`[0m
  [4;35;1mPost Load (0.3ms)[0m   [0mSELECT * FROM `posts` WHERE (`posts`.`id` = 5) [0m
  [4;36;1mSQL (0.1ms)[0m   [0;1mBEGIN[0m
  [4;35;1mPost Destroy (0.3ms)[0m   [0mDELETE FROM `posts` WHERE `id` = 5[0m
  [4;36;1mSQL (89.3ms)[0m   [0;1mCOMMIT[0m
Redirected to http://localhost:3000/posts
Completed in 142ms (DB: 91) | 302 Found [http://localhost/posts/5]
  [4;35;1mSQL (0.1ms)[0m   [0mSET NAMES 'utf8'[0m
  [4;36;1mSQL (0.1ms)[0m   [0;1mSET SQL_AUTO_IS_NULL=0[0m


Processing PostsController#index (for 127.0.0.1 at 2017-06-14 17:34:06) [GET]
  [4;35;1mPost Load (0.3ms)[0m   [0mSELECT * FROM `posts` [0m
Rendering template within layouts/posts
Rendering posts/index
  [4;36;1mPost Columns (0.7ms)[0m   [0;1mSHOW FIELDS FROM `posts`[0m
Completed in 13ms (View: 9, DB: 1) | 200 OK [http://localhost/posts]
  [4;35;1mSQL (0.1ms)[0m   [0mSET NAMES 'utf8'[0m
  [4;36;1mSQL (0.2ms)[0m   [0;1mSET SQL_AUTO_IS_NULL=0[0m


Processing PostsController#destroy (for 127.0.0.1 at 2017-06-14 17:34:10) [DELETE]
  Parameters: {"authenticity_token"=>"vpWRw/wVUJB73Ffhcq3ql9c/CMu+GeCQtzJ4tQKzTnQ=", "id"=>"6"}
  [4;35;1mPost Columns (1.1ms)[0m   [0mSHOW FIELDS FROM `posts`[0m
  [4;36;1mPost Load (0.4ms)[0m   [0;1mSELECT * FROM `posts` WHERE (`posts`.`id` = 6) [0m
  [4;35;1mSQL (0.1ms)[0m   [0mBEGIN[0m
  [4;36;1mPost Destroy (0.4ms)[0m   [0;1mDELETE FROM `posts` WHERE `id` = 6[0m
  [4;35;1mSQL (31.1ms)[0m   [0mCOMMIT[0m
Redirected to http://localhost:3000/posts
Completed in 39ms (DB: 33) | 302 Found [http://localhost/posts/6]
  [4;36;1mSQL (0.1ms)[0m   [0;1mSET NAMES 'utf8'[0m
  [4;35;1mSQL (0.1ms)[0m   [0mSET SQL_AUTO_IS_NULL=0[0m


Processing PostsController#index (for 127.0.0.1 at 2017-06-14 17:34:10) [GET]
  [4;36;1mPost Load (0.4ms)[0m   [0;1mSELECT * FROM `posts` [0m
Rendering template within layouts/posts
Rendering posts/index
  [4;35;1mPost Columns (0.7ms)[0m   [0mSHOW FIELDS FROM `posts`[0m
Completed in 13ms (View: 8, DB: 1) | 200 OK [http://localhost/posts]
  [4;36;1mSQL (0.1ms)[0m   [0;1mSET NAMES 'utf8'[0m
  [4;35;1mSQL (0.1ms)[0m   [0mSET SQL_AUTO_IS_NULL=0[0m


Processing PostsController#destroy (for 127.0.0.1 at 2017-06-14 17:34:12) [DELETE]
  Parameters: {"authenticity_token"=>"vpWRw/wVUJB73Ffhcq3ql9c/CMu+GeCQtzJ4tQKzTnQ=", "id"=>"7"}
  [4;36;1mPost Columns (1.2ms)[0m   [0;1mSHOW FIELDS FROM `posts`[0m
  [4;35;1mPost Load (0.4ms)[0m   [0mSELECT * FROM `posts` WHERE (`posts`.`id` = 7) [0m
  [4;36;1mSQL (0.1ms)[0m   [0;1mBEGIN[0m
  [4;35;1mPost Destroy (0.4ms)[0m   [0mDELETE FROM `posts` WHERE `id` = 7[0m
  [4;36;1mSQL (42.6ms)[0m   [0;1mCOMMIT[0m
Redirected to http://localhost:3000/posts
Completed in 53ms (DB: 45) | 302 Found [http://localhost/posts/7]
  [4;35;1mSQL (0.1ms)[0m   [0mSET NAMES 'utf8'[0m
  [4;36;1mSQL (0.1ms)[0m   [0;1mSET SQL_AUTO_IS_NULL=0[0m


Processing PostsController#index (for 127.0.0.1 at 2017-06-14 17:34:12) [GET]
  [4;35;1mPost Load (0.4ms)[0m   [0mSELECT * FROM `posts` [0m
Rendering template within layouts/posts
Rendering posts/index
  [4;36;1mPost Columns (1.0ms)[0m   [0;1mSHOW FIELDS FROM `posts`[0m
Completed in 13ms (View: 8, DB: 2) | 200 OK [http://localhost/posts]
  [4;35;1mSQL (4.5ms)[0m   [0mSET NAMES 'utf8'[0m
  [4;36;1mSQL (0.3ms)[0m   [0;1mSET SQL_AUTO_IS_NULL=0[0m


Processing PostsController#index (for 127.0.0.1 at 2017-06-14 17:38:21) [GET]
  [4;35;1mPost Load (0.4ms)[0m   [0mSELECT * FROM `posts` [0m
Rendering template within layouts/posts
Rendering posts/index
  [4;36;1mPost Columns (1.0ms)[0m   [0;1mSHOW FIELDS FROM `posts`[0m
Completed in 59ms (View: 12, DB: 6) | 200 OK [http://localhost/posts]
  [4;35;1mSQL (0.1ms)[0m   [0mSET NAMES 'utf8'[0m
  [4;36;1mSQL (0.1ms)[0m   [0;1mSET SQL_AUTO_IS_NULL=0[0m


Processing PostsController#new (for 127.0.0.1 at 2017-06-14 17:38:24) [GET]
  [4;35;1mPost Columns (1.2ms)[0m   [0mSHOW FIELDS FROM `posts`[0m
Rendering template within layouts/posts
Rendering posts/new
Rendered posts/_form (8.2ms)
Completed in 17ms (View: 10, DB: 1) | 200 OK [http://localhost/posts/new]
  [4;36;1mSQL (0.1ms)[0m   [0;1mSET NAMES 'utf8'[0m
  [4;35;1mSQL (0.2ms)[0m   [0mSET SQL_AUTO_IS_NULL=0[0m


Processing PostsController#create (for 127.0.0.1 at 2017-06-14 17:38:36) [POST]
  Parameters: {"commit"=>"Update", "authenticity_token"=>"vpWRw/wVUJB73Ffhcq3ql9c/CMu+GeCQtzJ4tQKzTnQ=", "post"=>{"title"=>"dsfsf", "name"=>"jfhjvc", "content"=>"dsdasd`"}}

NoMethodError (You have a nil object when you didn't expect it!
You might have expected an instance of ActiveRecord::Base.
The error occurred while evaluating nil.save):
  app/controllers/posts_controller.rb:45:in `create'
  app/controllers/posts_controller.rb:44:in `create'
  /home/malavika/.rbenv/versions/1.8.7-p370/lib/ruby/1.8/webrick/httpserver.rb:104:in `service'
  /home/malavika/.rbenv/versions/1.8.7-p370/lib/ruby/1.8/webrick/httpserver.rb:65:in `run'
  /home/malavika/.rbenv/versions/1.8.7-p370/lib/ruby/1.8/webrick/server.rb:173:in `start_thread'
  /home/malavika/.rbenv/versions/1.8.7-p370/lib/ruby/1.8/webrick/server.rb:162:in `start'
  /home/malavika/.rbenv/versions/1.8.7-p370/lib/ruby/1.8/webrick/server.rb:162:in `start_thread'
  /home/malavika/.rbenv/versions/1.8.7-p370/lib/ruby/1.8/webrick/server.rb:95:in `start'
  /home/malavika/.rbenv/versions/1.8.7-p370/lib/ruby/1.8/webrick/server.rb:92:in `each'
  /home/malavika/.rbenv/versions/1.8.7-p370/lib/ruby/1.8/webrick/server.rb:92:in `start'
  /home/malavika/.rbenv/versions/1.8.7-p370/lib/ruby/1.8/webrick/server.rb:23:in `start'
  /home/malavika/.rbenv/versions/1.8.7-p370/lib/ruby/1.8/webrick/server.rb:82:in `start'

Rendered rescues/_trace (48.2ms)
Rendered rescues/_request_and_response (0.4ms)
Rendering rescues/layout (internal_server_error)
  [4;36;1mSQL (0.1ms)[0m   [0;1mSET NAMES 'utf8'[0m
  [4;35;1mSQL (0.1ms)[0m   [0mSET SQL_AUTO_IS_NULL=0[0m


Processing PostsController#create (for 127.0.0.1 at 2017-06-14 17:40:09) [POST]
  Parameters: {"commit"=>"Update", "authenticity_token"=>"vpWRw/wVUJB73Ffhcq3ql9c/CMu+GeCQtzJ4tQKzTnQ=", "post"=>{"title"=>"dsfsf", "name"=>"jfhjvc", "content"=>"dsdasd`"}}
  [4;36;1mPost Columns (1.1ms)[0m   [0;1mSHOW FIELDS FROM `posts`[0m
  [4;35;1mSQL (0.3ms)[0m   [0mBEGIN[0m
  [4;36;1mPost Create (0.3ms)[0m   [0;1mINSERT INTO `posts` (`title`, `updated_at`, `name`, `created_at`, `content`) VALUES('dsfsf', '2017-06-14 12:10:09', 'jfhjvc', '2017-06-14 12:10:09', 'dsdasd`')[0m
  [4;35;1mSQL (71.7ms)[0m   [0mCOMMIT[0m
Redirected to http://localhost:3000/posts/8
Completed in 85ms (DB: 74) | 302 Found [http://localhost/posts]
  [4;36;1mSQL (0.1ms)[0m   [0;1mSET NAMES 'utf8'[0m
  [4;35;1mSQL (0.1ms)[0m   [0mSET SQL_AUTO_IS_NULL=0[0m


Processing PostsController#show (for 127.0.0.1 at 2017-06-14 17:40:09) [GET]
  Parameters: {"id"=>"8"}
  [4;36;1mPost Columns (0.8ms)[0m   [0;1mSHOW FIELDS FROM `posts`[0m
  [4;35;1mPost Load (0.3ms)[0m   [0mSELECT * FROM `posts` WHERE (`posts`.`id` = 8) [0m
Rendering template within layouts/posts
Rendering posts/show
Completed in 7ms (View: 2, DB: 1) | 200 OK [http://localhost/posts/8]
  [4;36;1mSQL (0.1ms)[0m   [0;1mSET NAMES 'utf8'[0m
  [4;35;1mSQL (0.2ms)[0m   [0mSET SQL_AUTO_IS_NULL=0[0m


Processing PostsController#index (for 127.0.0.1 at 2017-06-14 17:40:14) [GET]
  [4;36;1mPost Load (1.6ms)[0m   [0;1mSELECT * FROM `posts` [0m
Rendering template within layouts/posts
Rendering posts/index
  [4;35;1mPost Columns (1.3ms)[0m   [0mSHOW FIELDS FROM `posts`[0m
Completed in 26ms (View: 13, DB: 3) | 200 OK [http://localhost/posts]
  [4;36;1mSQL (0.1ms)[0m   [0;1mSET NAMES 'utf8'[0m
  [4;35;1mSQL (0.1ms)[0m   [0mSET SQL_AUTO_IS_NULL=0[0m


Processing PostsController#index (for 127.0.0.1 at 2017-06-14 17:41:59) [GET]
  [4;36;1mPost Load (0.5ms)[0m   [0;1mSELECT * FROM `posts` [0m
Rendering template within layouts/posts
Rendering posts/index
  [4;35;1mPost Columns (1.2ms)[0m   [0mSHOW FIELDS FROM `posts`[0m
Completed in 21ms (View: 12, DB: 2) | 200 OK [http://localhost/posts]
  [4;36;1mSQL (0.1ms)[0m   [0;1mSET NAMES 'utf8'[0m
  [4;35;1mSQL (0.1ms)[0m   [0mSET SQL_AUTO_IS_NULL=0[0m


Processing PostsController#new (for 127.0.0.1 at 2017-06-14 17:42:01) [GET]
  [4;36;1mPost Columns (1.2ms)[0m   [0;1mSHOW FIELDS FROM `posts`[0m
Rendering template within layouts/posts
Rendering posts/new
Rendered posts/_form (8.0ms)
Completed in 17ms (View: 10, DB: 1) | 200 OK [http://localhost/posts/new]
  [4;35;1mSQL (0.1ms)[0m   [0mSET NAMES 'utf8'[0m
  [4;36;1mSQL (4.2ms)[0m   [0;1mSET SQL_AUTO_IS_NULL=0[0m


Processing PostsController#create (for 127.0.0.1 at 2017-06-14 17:42:21) [POST]
  Parameters: {"commit"=>"Update", "authenticity_token"=>"vpWRw/wVUJB73Ffhcq3ql9c/CMu+GeCQtzJ4tQKzTnQ=", "post"=>{"title"=>"ffffffffffffffff", "name"=>"fdfdfr", "content"=>"rrrr"}}
  [4;35;1mPost Columns (3.9ms)[0m   [0mSHOW FIELDS FROM `posts`[0m
  [4;36;1mSQL (0.2ms)[0m   [0;1mBEGIN[0m
  [4;35;1mPost Create (0.7ms)[0m   [0mINSERT INTO `posts` (`title`, `updated_at`, `name`, `created_at`, `content`) VALUES('ffffffffffffffff', '2017-06-14 12:12:21', 'fdfdfr', '2017-06-14 12:12:21', 'rrrr')[0m
  [4;36;1mSQL (130.0ms)[0m   [0;1mCOMMIT[0m
Redirected to http://localhost:3000/posts/9
Completed in 146ms (DB: 139) | 302 Found [http://localhost/posts]
  [4;35;1mSQL (0.1ms)[0m   [0mSET NAMES 'utf8'[0m
  [4;36;1mSQL (1.2ms)[0m   [0;1mSET SQL_AUTO_IS_NULL=0[0m


Processing PostsController#show (for 127.0.0.1 at 2017-06-14 17:42:21) [GET]
  Parameters: {"id"=>"9"}
  [4;35;1mPost Columns (1.0ms)[0m   [0mSHOW FIELDS FROM `posts`[0m
  [4;36;1mPost Load (0.3ms)[0m   [0;1mSELECT * FROM `posts` WHERE (`posts`.`id` = 9) [0m
Rendering template within layouts/posts
Rendering posts/show
Completed in 10ms (View: 3, DB: 3) | 200 OK [http://localhost/posts/9]
  [4;35;1mSQL (0.1ms)[0m   [0mSET NAMES 'utf8'[0m
  [4;36;1mSQL (0.1ms)[0m   [0;1mSET SQL_AUTO_IS_NULL=0[0m


Processing PostsController#index (for 127.0.0.1 at 2017-06-14 17:42:24) [GET]
  [4;35;1mPost Load (0.4ms)[0m   [0mSELECT * FROM `posts` [0m
Rendering template within layouts/posts
Rendering posts/index
  [4;36;1mPost Columns (0.8ms)[0m   [0;1mSHOW FIELDS FROM `posts`[0m
Completed in 15ms (View: 10, DB: 1) | 200 OK [http://localhost/posts]
  [4;35;1mSQL (0.1ms)[0m   [0mSET NAMES 'utf8'[0m
  [4;36;1mSQL (0.1ms)[0m   [0;1mSET SQL_AUTO_IS_NULL=0[0m


Processing PostsController#destroy (for 127.0.0.1 at 2017-06-14 17:42:27) [DELETE]
  Parameters: {"authenticity_token"=>"vpWRw/wVUJB73Ffhcq3ql9c/CMu+GeCQtzJ4tQKzTnQ=", "id"=>"8"}
  [4;35;1mPost Columns (1.1ms)[0m   [0mSHOW FIELDS FROM `posts`[0m
  [4;36;1mPost Load (0.4ms)[0m   [0;1mSELECT * FROM `posts` WHERE (`posts`.`id` = 8) [0m
  [4;35;1mSQL (0.1ms)[0m   [0mBEGIN[0m
  [4;36;1mPost Destroy (0.4ms)[0m   [0;1mDELETE FROM `posts` WHERE `id` = 8[0m
  [4;35;1mSQL (68.2ms)[0m   [0mCOMMIT[0m
Redirected to http://localhost:3000/posts
Completed in 79ms (DB: 70) | 302 Found [http://localhost/posts/8]
  [4;36;1mSQL (0.1ms)[0m   [0;1mSET NAMES 'utf8'[0m
  [4;35;1mSQL (0.1ms)[0m   [0mSET SQL_AUTO_IS_NULL=0[0m


Processing PostsController#index (for 127.0.0.1 at 2017-06-14 17:42:28) [GET]
  [4;36;1mPost Load (0.4ms)[0m   [0;1mSELECT * FROM `posts` [0m
Rendering template within layouts/posts
Rendering posts/index
  [4;35;1mPost Columns (0.8ms)[0m   [0mSHOW FIELDS FROM `posts`[0m
Completed in 15ms (View: 9, DB: 1) | 200 OK [http://localhost/posts]
  [4;36;1mSQL (0.1ms)[0m   [0;1mSET NAMES 'utf8'[0m
  [4;35;1mSQL (0.1ms)[0m   [0mSET SQL_AUTO_IS_NULL=0[0m


Processing PostsController#destroy (for 127.0.0.1 at 2017-06-14 17:42:34) [DELETE]
  Parameters: {"authenticity_token"=>"vpWRw/wVUJB73Ffhcq3ql9c/CMu+GeCQtzJ4tQKzTnQ=", "id"=>"9"}
  [4;36;1mPost Columns (1.1ms)[0m   [0;1mSHOW FIELDS FROM `posts`[0m
  [4;35;1mPost Load (0.4ms)[0m   [0mSELECT * FROM `posts` WHERE (`posts`.`id` = 9) [0m
  [4;36;1mSQL (0.1ms)[0m   [0;1mBEGIN[0m
  [4;35;1mPost Destroy (0.7ms)[0m   [0mDELETE FROM `posts` WHERE `id` = 9[0m
  [4;36;1mSQL (130.3ms)[0m   [0;1mCOMMIT[0m
Redirected to http://localhost:3000/posts
Completed in 140ms (DB: 133) | 302 Found [http://localhost/posts/9]
  [4;35;1mSQL (0.1ms)[0m   [0mSET NAMES 'utf8'[0m
  [4;36;1mSQL (0.1ms)[0m   [0;1mSET SQL_AUTO_IS_NULL=0[0m


Processing PostsController#index (for 127.0.0.1 at 2017-06-14 17:42:34) [GET]
  [4;35;1mPost Load (0.4ms)[0m   [0mSELECT * FROM `posts` [0m
Rendering template within layouts/posts
Rendering posts/index
  [4;36;1mPost Columns (0.9ms)[0m   [0;1mSHOW FIELDS FROM `posts`[0m
Completed in 14ms (View: 8, DB: 1) | 200 OK [http://localhost/posts]
  [4;36;1mSQL (0.1ms)[0m   [0;1mSET NAMES 'utf8'[0m
  [4;35;1mSQL (0.1ms)[0m   [0mSET SQL_AUTO_IS_NULL=0[0m
  [4;36;1mSQL (0.3ms)[0m   [0;1mSHOW TABLES[0m
  [4;35;1mSQL (0.2ms)[0m   [0mSELECT version FROM schema_migrations[0m
Migrating to CreatePosts (20170614063626)
Migrating to CreateComments (20170614122640)
  [4;36;1mSQL (466.6ms)[0m   [0;1mCREATE TABLE `comments` (`id` int(11) DEFAULT NULL auto_increment PRIMARY KEY, `commenter` varchar(255), `body` text, `post_id` int(11), `created_at` datetime, `updated_at` datetime) ENGINE=InnoDB[0m
  [4;35;1mSQL (88.6ms)[0m   [0mINSERT INTO schema_migrations (version) VALUES ('20170614122640')[0m
  [4;36;1mSQL (0.6ms)[0m   [0;1mSHOW TABLES[0m
  [4;35;1mSQL (0.4ms)[0m   [0mSELECT version FROM schema_migrations[0m
  [4;36;1mSQL (0.5ms)[0m   [0;1mSHOW TABLES[0m
  [4;35;1mSQL (106.9ms)[0m   [0mSHOW FIELDS FROM `comments`[0m
  [4;36;1mSQL (1.3ms)[0m   [0;1mdescribe `comments`[0m
  [4;35;1mSQL (0.6ms)[0m   [0mSHOW KEYS FROM `comments`[0m
  [4;36;1mSQL (1.2ms)[0m   [0;1mSHOW FIELDS FROM `posts`[0m
  [4;35;1mSQL (1.2ms)[0m   [0mdescribe `posts`[0m
  [4;36;1mSQL (0.5ms)[0m   [0;1mSHOW KEYS FROM `posts`[0m
  [4;35;1mSQL (0.2ms)[0m   [0mSET NAMES 'utf8'[0m
  [4;36;1mSQL (0.1ms)[0m   [0;1mSET SQL_AUTO_IS_NULL=0[0m


Processing PostsController#index (for 127.0.0.1 at 2017-06-14 18:35:27) [GET]
  [4;35;1mPost Load (0.6ms)[0m   [0mSELECT * FROM `posts` [0m
Rendering template within layouts/posts
Rendering posts/index
  [4;36;1mPost Columns (1.1ms)[0m   [0;1mSHOW FIELDS FROM `posts`[0m
Completed in 71ms (View: 10, DB: 2) | 200 OK [http://localhost/posts]
  [4;35;1mSQL (0.1ms)[0m   [0mSET NAMES 'utf8'[0m
  [4;36;1mSQL (0.1ms)[0m   [0;1mSET SQL_AUTO_IS_NULL=0[0m


Processing PostsController#index (for 127.0.0.1 at 2017-06-14 18:35:33) [GET]
  [4;35;1mPost Load (0.4ms)[0m   [0mSELECT * FROM `posts` [0m
Rendering template within layouts/posts
Rendering posts/index
  [4;36;1mPost Columns (0.8ms)[0m   [0;1mSHOW FIELDS FROM `posts`[0m
Completed in 16ms (View: 8, DB: 1) | 200 OK [http://localhost/]
  [4;35;1mSQL (0.1ms)[0m   [0mSET NAMES 'utf8'[0m
  [4;36;1mSQL (0.1ms)[0m   [0;1mSET SQL_AUTO_IS_NULL=0[0m


Processing PostsController#edit (for 127.0.0.1 at 2017-06-14 18:35:37) [GET]
  Parameters: {"id"=>"1"}
  [4;35;1mPost Columns (1.1ms)[0m   [0mSHOW FIELDS FROM `posts`[0m
  [4;36;1mPost Load (0.3ms)[0m   [0;1mSELECT * FROM `posts` WHERE (`posts`.`id` = 1) [0m
Rendering template within layouts/posts
Rendering posts/edit
Rendered posts/_form (7.9ms)
Completed in 19ms (View: 10, DB: 2) | 200 OK [http://localhost/posts/1/edit]
  [4;35;1mSQL (0.1ms)[0m   [0mSET NAMES 'utf8'[0m
  [4;36;1mSQL (0.1ms)[0m   [0;1mSET SQL_AUTO_IS_NULL=0[0m


Processing PostsController#update (for 127.0.0.1 at 2017-06-14 18:35:40) [PUT]
  Parameters: {"commit"=>"Update", "authenticity_token"=>"vpWRw/wVUJB73Ffhcq3ql9c/CMu+GeCQtzJ4tQKzTnQ=", "post"=>{"title"=>"first", "name"=>"malavika", "content"=>"riding on rails"}, "id"=>"1"}
  [4;35;1mPost Columns (1.2ms)[0m   [0mSHOW FIELDS FROM `posts`[0m
  [4;36;1mPost Load (0.4ms)[0m   [0;1mSELECT * FROM `posts` WHERE (`posts`.`id` = 1) [0m
  [4;35;1mSQL (0.1ms)[0m   [0mBEGIN[0m
  [4;36;1mSQL (0.1ms)[0m   [0;1mCOMMIT[0m
Redirected to http://localhost:3000/posts/1
Completed in 15ms (DB: 2) | 302 Found [http://localhost/posts/1]
  [4;35;1mSQL (0.1ms)[0m   [0mSET NAMES 'utf8'[0m
  [4;36;1mSQL (0.1ms)[0m   [0;1mSET SQL_AUTO_IS_NULL=0[0m


Processing PostsController#show (for 127.0.0.1 at 2017-06-14 18:35:40) [GET]
  Parameters: {"id"=>"1"}
  [4;35;1mPost Columns (1.0ms)[0m   [0mSHOW FIELDS FROM `posts`[0m
  [4;36;1mPost Load (0.4ms)[0m   [0;1mSELECT * FROM `posts` WHERE (`posts`.`id` = 1) [0m
Rendering template within layouts/posts
Rendering posts/show
  [4;35;1mComment Load (0.4ms)[0m   [0mSELECT * FROM `comments` WHERE (`comments`.post_id = 1) [0m
Completed in 57ms (View: 49, DB: 2) | 200 OK [http://localhost/posts/1]
  [4;36;1mSQL (0.1ms)[0m   [0;1mSET NAMES 'utf8'[0m
  [4;35;1mSQL (0.1ms)[0m   [0mSET SQL_AUTO_IS_NULL=0[0m


Processing PostsController#edit (for 127.0.0.1 at 2017-06-14 18:35:43) [GET]
  Parameters: {"id"=>"1"}
  [4;36;1mPost Columns (1.0ms)[0m   [0;1mSHOW FIELDS FROM `posts`[0m
  [4;35;1mPost Load (0.4ms)[0m   [0mSELECT * FROM `posts` WHERE (`posts`.`id` = 1) [0m
Rendering template within layouts/posts
Rendering posts/edit
Rendered posts/_form (5.9ms)
Completed in 15ms (View: 8, DB: 2) | 200 OK [http://localhost/posts/1/edit]
  [4;36;1mSQL (0.1ms)[0m   [0;1mSET NAMES 'utf8'[0m
  [4;35;1mSQL (0.2ms)[0m   [0mSET SQL_AUTO_IS_NULL=0[0m


Processing PostsController#index (for 127.0.0.1 at 2017-06-14 18:35:46) [GET]
  [4;36;1mPost Load (0.4ms)[0m   [0;1mSELECT * FROM `posts` [0m
Rendering template within layouts/posts
Rendering posts/index
  [4;35;1mPost Columns (1.2ms)[0m   [0mSHOW FIELDS FROM `posts`[0m
Completed in 17ms (View: 10, DB: 2) | 200 OK [http://localhost/posts]
  [4;36;1mSQL (0.2ms)[0m   [0;1mSET NAMES 'utf8'[0m
  [4;35;1mSQL (0.2ms)[0m   [0mSET SQL_AUTO_IS_NULL=0[0m


Processing PostsController#show (for 127.0.0.1 at 2017-06-14 18:35:49) [GET]
  Parameters: {"id"=>"1"}
  [4;36;1mPost Columns (1.2ms)[0m   [0;1mSHOW FIELDS FROM `posts`[0m
  [4;35;1mPost Load (0.5ms)[0m   [0mSELECT * FROM `posts` WHERE (`posts`.`id` = 1) [0m
Rendering template within layouts/posts
Rendering posts/show
  [4;36;1mComment Load (0.4ms)[0m   [0;1mSELECT * FROM `comments` WHERE (`comments`.post_id = 1) [0m
Completed in 18ms (View: 9, DB: 2) | 200 OK [http://localhost/posts/1]
  [4;35;1mSQL (0.1ms)[0m   [0mSET NAMES 'utf8'[0m
  [4;36;1mSQL (0.1ms)[0m   [0;1mSET SQL_AUTO_IS_NULL=0[0m


Processing CommentsController#index (for 127.0.0.1 at 2017-06-14 18:35:51) [GET]
  Parameters: {"post_id"=>"1"}
  [4;35;1mPost Columns (1.2ms)[0m   [0mSHOW FIELDS FROM `posts`[0m
  [4;36;1mPost Load (0.4ms)[0m   [0;1mSELECT * FROM `posts` WHERE (`posts`.`id` = 1) [0m
Rendering comments/index
  [4;35;1mComment Load (0.4ms)[0m   [0mSELECT * FROM `comments` WHERE (`comments`.post_id = 1) [0m
Completed in 23ms (View: 9, DB: 2) | 200 OK [http://localhost/posts/1/comments]
  [4;36;1mSQL (0.1ms)[0m   [0;1mSET NAMES 'utf8'[0m
  [4;35;1mSQL (0.1ms)[0m   [0mSET SQL_AUTO_IS_NULL=0[0m


Processing CommentsController#new (for 127.0.0.1 at 2017-06-14 18:35:58) [GET]
  Parameters: {"post_id"=>"1"}
  [4;36;1mPost Columns (1.2ms)[0m   [0;1mSHOW FIELDS FROM `posts`[0m
  [4;35;1mPost Load (0.4ms)[0m   [0mSELECT * FROM `posts` WHERE (`posts`.`id` = 1) [0m
  [4;36;1mComment Columns (0.7ms)[0m   [0;1mSHOW FIELDS FROM `comments`[0m
Rendering comments/new
Completed in 71ms (View: 9, DB: 3) | 200 OK [http://localhost/posts/1/comments/new]
  [4;35;1mSQL (0.1ms)[0m   [0mSET NAMES 'utf8'[0m
  [4;36;1mSQL (0.1ms)[0m   [0;1mSET SQL_AUTO_IS_NULL=0[0m


Processing CommentsController#create (for 127.0.0.1 at 2017-06-14 18:36:08) [POST]
  Parameters: {"comment"=>{"body"=>"cvxcvcxvcx", "commenter"=>"jkvjcjvcv"}, "commit"=>"Create", "authenticity_token"=>"vpWRw/wVUJB73Ffhcq3ql9c/CMu+GeCQtzJ4tQKzTnQ=", "post_id"=>"1"}
  [4;35;1mPost Columns (1.3ms)[0m   [0mSHOW FIELDS FROM `posts`[0m
  [4;36;1mPost Load (0.4ms)[0m   [0;1mSELECT * FROM `posts` WHERE (`posts`.`id` = 1) [0m
  [4;35;1mComment Columns (1.0ms)[0m   [0mSHOW FIELDS FROM `comments`[0m
  [4;36;1mSQL (0.2ms)[0m   [0;1mBEGIN[0m
  [4;35;1mComment Create (0.4ms)[0m   [0mINSERT INTO `comments` (`body`, `updated_at`, `commenter`, `created_at`, `post_id`) VALUES('cvxcvcxvcx', '2017-06-14 13:06:08', 'jkvjcjvcv', '2017-06-14 13:06:08', 1)[0m
  [4;36;1mSQL (88.8ms)[0m   [0;1mCOMMIT[0m
Redirected to http://localhost:3000/posts/1/comments/1
Completed in 109ms (DB: 92) | 302 Found [http://localhost/posts/1/comments]
  [4;35;1mSQL (0.1ms)[0m   [0mSET NAMES 'utf8'[0m
  [4;36;1mSQL (0.2ms)[0m   [0;1mSET SQL_AUTO_IS_NULL=0[0m


Processing CommentsController#show (for 127.0.0.1 at 2017-06-14 18:36:08) [GET]
  Parameters: {"post_id"=>"1", "id"=>"1"}
  [4;35;1mPost Columns (1.1ms)[0m   [0mSHOW FIELDS FROM `posts`[0m
  [4;36;1mPost Load (0.4ms)[0m   [0;1mSELECT * FROM `posts` WHERE (`posts`.`id` = 1) [0m
  [4;35;1mComment Columns (0.8ms)[0m   [0mSHOW FIELDS FROM `comments`[0m
  [4;36;1mComment Load (0.3ms)[0m   [0;1mSELECT * FROM `comments` WHERE (`comments`.`id` = 1 AND (`comments`.post_id = 1)) [0m
Rendering comments/show
Completed in 20ms (View: 7, DB: 3) | 200 OK [http://localhost/posts/1/comments/1]
  [4;35;1mSQL (0.1ms)[0m   [0mSET NAMES 'utf8'[0m
  [4;36;1mSQL (0.1ms)[0m   [0;1mSET SQL_AUTO_IS_NULL=0[0m


Processing CommentsController#index (for 127.0.0.1 at 2017-06-14 18:36:10) [GET]
  Parameters: {"post_id"=>"1"}
  [4;35;1mPost Columns (1.5ms)[0m   [0mSHOW FIELDS FROM `posts`[0m
  [4;36;1mPost Load (0.8ms)[0m   [0;1mSELECT * FROM `posts` WHERE (`posts`.`id` = 1) [0m
Rendering comments/index
  [4;35;1mComment Load (0.5ms)[0m   [0mSELECT * FROM `comments` WHERE (`comments`.post_id = 1) [0m
  [4;36;1mComment Columns (0.9ms)[0m   [0;1mSHOW FIELDS FROM `comments`[0m
Completed in 24ms (View: 9, DB: 4) | 200 OK [http://localhost/posts/1/comments]
  [4;35;1mSQL (0.1ms)[0m   [0mSET NAMES 'utf8'[0m
  [4;36;1mSQL (0.1ms)[0m   [0;1mSET SQL_AUTO_IS_NULL=0[0m


Processing PostsController#show (for 127.0.0.1 at 2017-06-14 18:36:13) [GET]
  Parameters: {"id"=>"1"}
  [4;35;1mPost Columns (1.2ms)[0m   [0mSHOW FIELDS FROM `posts`[0m
  [4;36;1mPost Load (0.3ms)[0m   [0;1mSELECT * FROM `posts` WHERE (`posts`.`id` = 1) [0m
Rendering template within layouts/posts
Rendering posts/show
  [4;35;1mComment Load (0.5ms)[0m   [0mSELECT * FROM `comments` WHERE (`comments`.post_id = 1) [0m
  [4;36;1mComment Columns (0.8ms)[0m   [0;1mSHOW FIELDS FROM `comments`[0m
Completed in 18ms (View: 8, DB: 3) | 200 OK [http://localhost/posts/1]
  [4;35;1mSQL (0.1ms)[0m   [0mSET NAMES 'utf8'[0m
  [4;36;1mSQL (0.1ms)[0m   [0;1mSET SQL_AUTO_IS_NULL=0[0m


Processing PostsController#index (for 127.0.0.1 at 2017-06-14 18:36:18) [GET]
  [4;35;1mPost Load (0.4ms)[0m   [0mSELECT * FROM `posts` [0m
Rendering template within layouts/posts
Rendering posts/index
  [4;36;1mPost Columns (0.8ms)[0m   [0;1mSHOW FIELDS FROM `posts`[0m
Completed in 13ms (View: 7, DB: 1) | 200 OK [http://localhost/posts]
  [4;36;1mSQL (0.1ms)[0m   [0;1mSET NAMES 'utf8'[0m
  [4;35;1mSQL (0.1ms)[0m   [0mSET SQL_AUTO_IS_NULL=0[0m
  [4;36;1mSQL (0.3ms)[0m   [0;1mSHOW TABLES[0m
  [4;35;1mSQL (0.2ms)[0m   [0mSELECT version FROM schema_migrations[0m
Migrating to CreatePosts (20170614063626)
Migrating to CreateComments (20170614122640)
Migrating to CreateTags (20170614130658)
  [4;36;1mSQL (317.9ms)[0m   [0;1mCREATE TABLE `tags` (`id` int(11) DEFAULT NULL auto_increment PRIMARY KEY, `name` varchar(255), `post_id` int(11), `created_at` datetime, `updated_at` datetime) ENGINE=InnoDB[0m
  [4;35;1mSQL (43.8ms)[0m   [0mINSERT INTO schema_migrations (version) VALUES ('20170614130658')[0m
  [4;36;1mSQL (0.5ms)[0m   [0;1mSHOW TABLES[0m
  [4;35;1mSQL (0.3ms)[0m   [0mSELECT version FROM schema_migrations[0m
  [4;36;1mSQL (0.4ms)[0m   [0;1mSHOW TABLES[0m
  [4;35;1mSQL (0.8ms)[0m   [0mSHOW FIELDS FROM `comments`[0m
  [4;36;1mSQL (0.7ms)[0m   [0;1mdescribe `comments`[0m
  [4;35;1mSQL (0.3ms)[0m   [0mSHOW KEYS FROM `comments`[0m
  [4;36;1mSQL (0.6ms)[0m   [0;1mSHOW FIELDS FROM `posts`[0m
  [4;35;1mSQL (0.6ms)[0m   [0mdescribe `posts`[0m
  [4;36;1mSQL (0.3ms)[0m   [0;1mSHOW KEYS FROM `posts`[0m
  [4;35;1mSQL (1.0ms)[0m   [0mSHOW FIELDS FROM `tags`[0m
  [4;36;1mSQL (0.6ms)[0m   [0;1mdescribe `tags`[0m
  [4;35;1mSQL (0.2ms)[0m   [0mSHOW KEYS FROM `tags`[0m
  [4;35;1mSQL (0.1ms)[0m   [0mSET NAMES 'utf8'[0m
  [4;36;1mSQL (0.1ms)[0m   [0;1mSET SQL_AUTO_IS_NULL=0[0m


Processing PostsController#index (for 127.0.0.1 at 2017-06-14 18:38:53) [GET]

SyntaxError (/home/malavika/practice/Test/rails/blog/app/models/post.rb:10: syntax error, unexpected kEND, expecting $end):
  app/controllers/posts_controller.rb:7:in `index'
  /home/malavika/.rbenv/versions/1.8.7-p370/lib/ruby/1.8/webrick/httpserver.rb:104:in `service'
  /home/malavika/.rbenv/versions/1.8.7-p370/lib/ruby/1.8/webrick/httpserver.rb:65:in `run'
  /home/malavika/.rbenv/versions/1.8.7-p370/lib/ruby/1.8/webrick/server.rb:173:in `start_thread'
  /home/malavika/.rbenv/versions/1.8.7-p370/lib/ruby/1.8/webrick/server.rb:162:in `start'
  /home/malavika/.rbenv/versions/1.8.7-p370/lib/ruby/1.8/webrick/server.rb:162:in `start_thread'
  /home/malavika/.rbenv/versions/1.8.7-p370/lib/ruby/1.8/webrick/server.rb:95:in `start'
  /home/malavika/.rbenv/versions/1.8.7-p370/lib/ruby/1.8/webrick/server.rb:92:in `each'
  /home/malavika/.rbenv/versions/1.8.7-p370/lib/ruby/1.8/webrick/server.rb:92:in `start'
  /home/malavika/.rbenv/versions/1.8.7-p370/lib/ruby/1.8/webrick/server.rb:23:in `start'
  /home/malavika/.rbenv/versions/1.8.7-p370/lib/ruby/1.8/webrick/server.rb:82:in `start'

Rendered rescues/_trace (48.9ms)
Rendered rescues/_request_and_response (0.3ms)
Rendering rescues/layout (internal_server_error)
  [4;35;1mSQL (0.1ms)[0m   [0mSET NAMES 'utf8'[0m
  [4;36;1mSQL (0.1ms)[0m   [0;1mSET SQL_AUTO_IS_NULL=0[0m


Processing PostsController#index (for 127.0.0.1 at 2017-06-14 18:40:28) [GET]
  [4;35;1mPost Load (0.4ms)[0m   [0mSELECT * FROM `posts` [0m
Rendering template within layouts/posts
Rendering posts/index
  [4;36;1mPost Columns (1.2ms)[0m   [0;1mSHOW FIELDS FROM `posts`[0m
Completed in 22ms (View: 11, DB: 2) | 200 OK [http://localhost/posts]
  [4;35;1mSQL (0.2ms)[0m   [0mSET NAMES 'utf8'[0m
  [4;36;1mSQL (0.3ms)[0m   [0;1mSET SQL_AUTO_IS_NULL=0[0m


Processing PostsController#index (for 127.0.0.1 at 2017-06-14 18:40:31) [GET]
  [4;35;1mPost Load (0.4ms)[0m   [0mSELECT * FROM `posts` [0m
Rendering template within layouts/posts
Rendering posts/index
  [4;36;1mPost Columns (1.0ms)[0m   [0;1mSHOW FIELDS FROM `posts`[0m
Completed in 20ms (View: 9, DB: 2) | 200 OK [http://localhost/posts]
  [4;35;1mSQL (0.1ms)[0m   [0mSET NAMES 'utf8'[0m
  [4;36;1mSQL (0.2ms)[0m   [0;1mSET SQL_AUTO_IS_NULL=0[0m


Processing PostsController#new (for 127.0.0.1 at 2017-06-14 18:40:34) [GET]
  [4;35;1mPost Columns (1.3ms)[0m   [0mSHOW FIELDS FROM `posts`[0m
Rendering template within layouts/posts
Rendering posts/new
  [4;36;1mTag Columns (1.0ms)[0m   [0;1mSHOW FIELDS FROM `tags`[0m
Rendered posts/_form (16.8ms)
Completed in 33ms (View: 21, DB: 3) | 200 OK [http://localhost/posts/new]
  [4;35;1mSQL (0.1ms)[0m   [0mSET NAMES 'utf8'[0m
  [4;36;1mSQL (0.1ms)[0m   [0;1mSET SQL_AUTO_IS_NULL=0[0m


Processing PostsController#create (for 127.0.0.1 at 2017-06-14 18:40:56) [POST]
  Parameters: {"commit"=>"Save", "authenticity_token"=>"vpWRw/wVUJB73Ffhcq3ql9c/CMu+GeCQtzJ4tQKzTnQ=", "post"=>{"title"=>"comments ", "name"=>"malu", "content"=>"include", "tags_attributes"=>{"0"=>{"name"=>"3516"}}}}
  [4;35;1mPost Columns (3.3ms)[0m   [0mSHOW FIELDS FROM `posts`[0m
  [4;36;1mTag Columns (4.3ms)[0m   [0;1mSHOW FIELDS FROM `tags`[0m
  [4;35;1mSQL (1.0ms)[0m   [0mBEGIN[0m
  [4;36;1mPost Create (0.4ms)[0m   [0;1mINSERT INTO `posts` (`title`, `updated_at`, `name`, `created_at`, `content`) VALUES('comments ', '2017-06-14 13:10:56', 'malu', '2017-06-14 13:10:56', 'include')[0m
  [4;35;1mTag Create (0.3ms)[0m   [0mINSERT INTO `tags` (`updated_at`, `name`, `created_at`, `post_id`) VALUES('2017-06-14 13:10:56', '3516', '2017-06-14 13:10:56', 10)[0m
  [4;36;1mSQL (72.4ms)[0m   [0;1mCOMMIT[0m
Redirected to http://localhost:3000/posts/10
Completed in 107ms (DB: 82) | 302 Found [http://localhost/posts]
  [4;35;1mSQL (0.2ms)[0m   [0mSET NAMES 'utf8'[0m
  [4;36;1mSQL (1.3ms)[0m   [0;1mSET SQL_AUTO_IS_NULL=0[0m


Processing PostsController#show (for 127.0.0.1 at 2017-06-14 18:40:56) [GET]
  Parameters: {"id"=>"10"}
  [4;35;1mPost Columns (1.1ms)[0m   [0mSHOW FIELDS FROM `posts`[0m
  [4;36;1mPost Load (0.3ms)[0m   [0;1mSELECT * FROM `posts` WHERE (`posts`.`id` = 10) [0m
Rendering template within layouts/posts
Rendering posts/show
  [4;35;1mComment Load (0.4ms)[0m   [0mSELECT * FROM `comments` WHERE (`comments`.post_id = 10) [0m
Completed in 56ms (View: 48, DB: 3) | 200 OK [http://localhost/posts/10]
  [4;36;1mSQL (0.1ms)[0m   [0;1mSET NAMES 'utf8'[0m
  [4;35;1mSQL (0.1ms)[0m   [0mSET SQL_AUTO_IS_NULL=0[0m


Processing CommentsController#index (for 127.0.0.1 at 2017-06-14 18:41:00) [GET]
  Parameters: {"post_id"=>"10"}
  [4;36;1mPost Columns (1.1ms)[0m   [0;1mSHOW FIELDS FROM `posts`[0m
  [4;35;1mPost Load (0.4ms)[0m   [0mSELECT * FROM `posts` WHERE (`posts`.`id` = 10) [0m
Rendering comments/index
  [4;36;1mComment Load (0.4ms)[0m   [0;1mSELECT * FROM `comments` WHERE (`comments`.post_id = 10) [0m
Completed in 20ms (View: 4, DB: 2) | 200 OK [http://localhost/posts/10/comments]
  [4;35;1mSQL (0.4ms)[0m   [0mSET NAMES 'utf8'[0m
  [4;36;1mSQL (0.6ms)[0m   [0;1mSET SQL_AUTO_IS_NULL=0[0m


Processing CommentsController#new (for 127.0.0.1 at 2017-06-14 18:41:03) [GET]
  Parameters: {"post_id"=>"10"}
  [4;35;1mPost Columns (1.2ms)[0m   [0mSHOW FIELDS FROM `posts`[0m
  [4;36;1mPost Load (0.5ms)[0m   [0;1mSELECT * FROM `posts` WHERE (`posts`.`id` = 10) [0m
  [4;35;1mComment Columns (0.9ms)[0m   [0mSHOW FIELDS FROM `comments`[0m
Rendering comments/new
Completed in 24ms (View: 7, DB: 4) | 200 OK [http://localhost/posts/10/comments/new]
  [4;36;1mSQL (0.1ms)[0m   [0;1mSET NAMES 'utf8'[0m
  [4;35;1mSQL (0.1ms)[0m   [0mSET SQL_AUTO_IS_NULL=0[0m


Processing CommentsController#create (for 127.0.0.1 at 2017-06-14 18:41:12) [POST]
  Parameters: {"comment"=>{"body"=>"dsfsdf", "commenter"=>"3516"}, "commit"=>"Create", "authenticity_token"=>"vpWRw/wVUJB73Ffhcq3ql9c/CMu+GeCQtzJ4tQKzTnQ=", "post_id"=>"10"}
  [4;36;1mPost Columns (1.0ms)[0m   [0;1mSHOW FIELDS FROM `posts`[0m
  [4;35;1mPost Load (0.5ms)[0m   [0mSELECT * FROM `posts` WHERE (`posts`.`id` = 10) [0m
  [4;36;1mComment Columns (0.9ms)[0m   [0;1mSHOW FIELDS FROM `comments`[0m
  [4;35;1mSQL (0.1ms)[0m   [0mBEGIN[0m
  [4;36;1mComment Create (0.7ms)[0m   [0;1mINSERT INTO `comments` (`body`, `updated_at`, `commenter`, `created_at`, `post_id`) VALUES('dsfsdf', '2017-06-14 13:11:12', '3516', '2017-06-14 13:11:12', 10)[0m
  [4;35;1mSQL (211.8ms)[0m   [0mCOMMIT[0m
Redirected to http://localhost:3000/posts/10/comments/2
Completed in 230ms (DB: 215) | 302 Found [http://localhost/posts/10/comments]
  [4;36;1mSQL (0.1ms)[0m   [0;1mSET NAMES 'utf8'[0m
  [4;35;1mSQL (0.1ms)[0m   [0mSET SQL_AUTO_IS_NULL=0[0m


Processing CommentsController#show (for 127.0.0.1 at 2017-06-14 18:41:12) [GET]
  Parameters: {"post_id"=>"10", "id"=>"2"}
  [4;36;1mPost Columns (1.0ms)[0m   [0;1mSHOW FIELDS FROM `posts`[0m
  [4;35;1mPost Load (0.3ms)[0m   [0mSELECT * FROM `posts` WHERE (`posts`.`id` = 10) [0m
  [4;36;1mComment Columns (0.8ms)[0m   [0;1mSHOW FIELDS FROM `comments`[0m
  [4;35;1mComment Load (0.3ms)[0m   [0mSELECT * FROM `comments` WHERE (`comments`.`id` = 2 AND (`comments`.post_id = 10)) [0m
Rendering comments/show
Completed in 16ms (View: 3, DB: 3) | 200 OK [http://localhost/posts/10/comments/2]
  [4;36;1mSQL (0.1ms)[0m   [0;1mSET NAMES 'utf8'[0m
  [4;35;1mSQL (0.1ms)[0m   [0mSET SQL_AUTO_IS_NULL=0[0m


Processing CommentsController#index (for 127.0.0.1 at 2017-06-14 18:41:15) [GET]
  Parameters: {"post_id"=>"10"}
  [4;36;1mPost Columns (0.9ms)[0m   [0;1mSHOW FIELDS FROM `posts`[0m
  [4;35;1mPost Load (2.3ms)[0m   [0mSELECT * FROM `posts` WHERE (`posts`.`id` = 10) [0m
Rendering comments/index
  [4;36;1mComment Load (0.5ms)[0m   [0;1mSELECT * FROM `comments` WHERE (`comments`.post_id = 10) [0m
  [4;35;1mComment Columns (0.8ms)[0m   [0mSHOW FIELDS FROM `comments`[0m
Completed in 72ms (View: 7, DB: 5) | 200 OK [http://localhost/posts/10/comments]
  [4;36;1mSQL (0.1ms)[0m   [0;1mSET NAMES 'utf8'[0m
  [4;35;1mSQL (0.6ms)[0m   [0mSET SQL_AUTO_IS_NULL=0[0m


Processing PostsController#show (for 127.0.0.1 at 2017-06-14 18:41:19) [GET]
  Parameters: {"id"=>"10"}
  [4;36;1mPost Columns (1.4ms)[0m   [0;1mSHOW FIELDS FROM `posts`[0m
  [4;35;1mPost Load (0.4ms)[0m   [0mSELECT * FROM `posts` WHERE (`posts`.`id` = 10) [0m
Rendering template within layouts/posts
Rendering posts/show
  [4;36;1mComment Load (0.6ms)[0m   [0;1mSELECT * FROM `comments` WHERE (`comments`.post_id = 10) [0m
  [4;35;1mComment Columns (0.9ms)[0m   [0mSHOW FIELDS FROM `comments`[0m
Completed in 23ms (View: 10, DB: 4) | 200 OK [http://localhost/posts/10]
  [4;36;1mSQL (0.2ms)[0m   [0;1mSET NAMES 'utf8'[0m
  [4;35;1mSQL (0.3ms)[0m   [0mSET SQL_AUTO_IS_NULL=0[0m


Processing PostsController#index (for 127.0.0.1 at 2017-06-14 18:41:23) [GET]
  [4;36;1mPost Load (0.5ms)[0m   [0;1mSELECT * FROM `posts` [0m
Rendering template within layouts/posts
Rendering posts/index
  [4;35;1mPost Columns (1.0ms)[0m   [0mSHOW FIELDS FROM `posts`[0m
Completed in 21ms (View: 12, DB: 2) | 200 OK [http://localhost/posts]
  [4;36;1mSQL (0.1ms)[0m   [0;1mSET NAMES 'utf8'[0m
  [4;35;1mSQL (0.1ms)[0m   [0mSET SQL_AUTO_IS_NULL=0[0m


Processing PostsController#show (for 127.0.0.1 at 2017-06-14 18:41:33) [GET]
  Parameters: {"id"=>"10"}
  [4;36;1mPost Columns (1.2ms)[0m   [0;1mSHOW FIELDS FROM `posts`[0m
  [4;35;1mPost Load (0.4ms)[0m   [0mSELECT * FROM `posts` WHERE (`posts`.`id` = 10) [0m
Rendering template within layouts/posts
Rendering posts/show
  [4;36;1mComment Load (0.4ms)[0m   [0;1mSELECT * FROM `comments` WHERE (`comments`.post_id = 10) [0m
  [4;35;1mComment Columns (0.9ms)[0m   [0mSHOW FIELDS FROM `comments`[0m
Completed in 22ms (View: 9, DB: 3) | 200 OK [http://localhost/posts/10]
  [4;36;1mSQL (0.2ms)[0m   [0;1mSET NAMES 'utf8'[0m
  [4;35;1mSQL (0.7ms)[0m   [0mSET SQL_AUTO_IS_NULL=0[0m


Processing CommentsController#index (for 127.0.0.1 at 2017-06-14 18:41:38) [GET]
  Parameters: {"post_id"=>"10"}
  [4;36;1mPost Columns (1.1ms)[0m   [0;1mSHOW FIELDS FROM `posts`[0m
  [4;35;1mPost Load (0.6ms)[0m   [0mSELECT * FROM `posts` WHERE (`posts`.`id` = 10) [0m
Rendering comments/index
  [4;36;1mComment Load (0.4ms)[0m   [0;1mSELECT * FROM `comments` WHERE (`comments`.post_id = 10) [0m
  [4;35;1mComment Columns (0.8ms)[0m   [0mSHOW FIELDS FROM `comments`[0m
Completed in 70ms (View: 54, DB: 4) | 200 OK [http://localhost/posts/10/comments]
  [4;36;1mSQL (0.1ms)[0m   [0;1mSET NAMES 'utf8'[0m
  [4;35;1mSQL (0.3ms)[0m   [0mSET SQL_AUTO_IS_NULL=0[0m


Processing CommentsController#new (for 127.0.0.1 at 2017-06-14 18:41:40) [GET]
  Parameters: {"post_id"=>"10"}
  [4;36;1mPost Columns (1.1ms)[0m   [0;1mSHOW FIELDS FROM `posts`[0m
  [4;35;1mPost Load (0.4ms)[0m   [0mSELECT * FROM `posts` WHERE (`posts`.`id` = 10) [0m
  [4;36;1mComment Columns (1.0ms)[0m   [0;1mSHOW FIELDS FROM `comments`[0m
Rendering comments/new
Completed in 24ms (View: 7, DB: 3) | 200 OK [http://localhost/posts/10/comments/new]
  [4;35;1mSQL (0.2ms)[0m   [0mSET NAMES 'utf8'[0m
  [4;36;1mSQL (0.5ms)[0m   [0;1mSET SQL_AUTO_IS_NULL=0[0m


Processing CommentsController#create (for 127.0.0.1 at 2017-06-14 18:41:47) [POST]
  Parameters: {"comment"=>{"body"=>"dsfsdf", "commenter"=>"fdsffsd"}, "commit"=>"Create", "authenticity_token"=>"vpWRw/wVUJB73Ffhcq3ql9c/CMu+GeCQtzJ4tQKzTnQ=", "post_id"=>"10"}
  [4;35;1mPost Columns (1.2ms)[0m   [0mSHOW FIELDS FROM `posts`[0m
  [4;36;1mPost Load (0.4ms)[0m   [0;1mSELECT * FROM `posts` WHERE (`posts`.`id` = 10) [0m
  [4;35;1mComment Columns (0.9ms)[0m   [0mSHOW FIELDS FROM `comments`[0m
  [4;36;1mSQL (0.1ms)[0m   [0;1mBEGIN[0m
  [4;35;1mComment Create (0.4ms)[0m   [0mINSERT INTO `comments` (`body`, `updated_at`, `commenter`, `created_at`, `post_id`) VALUES('dsfsdf', '2017-06-14 13:11:47', 'fdsffsd', '2017-06-14 13:11:47', 10)[0m
  [4;36;1mSQL (96.6ms)[0m   [0;1mCOMMIT[0m
Redirected to http://localhost:3000/posts/10/comments/3
Completed in 116ms (DB: 100) | 302 Found [http://localhost/posts/10/comments]
  [4;35;1mSQL (0.1ms)[0m   [0mSET NAMES 'utf8'[0m
  [4;36;1mSQL (0.2ms)[0m   [0;1mSET SQL_AUTO_IS_NULL=0[0m


Processing CommentsController#show (for 127.0.0.1 at 2017-06-14 18:41:47) [GET]
  Parameters: {"post_id"=>"10", "id"=>"3"}
  [4;35;1mPost Columns (1.1ms)[0m   [0mSHOW FIELDS FROM `posts`[0m
  [4;36;1mPost Load (0.4ms)[0m   [0;1mSELECT * FROM `posts` WHERE (`posts`.`id` = 10) [0m
  [4;35;1mComment Columns (0.8ms)[0m   [0mSHOW FIELDS FROM `comments`[0m
  [4;36;1mComment Load (0.3ms)[0m   [0;1mSELECT * FROM `comments` WHERE (`comments`.`id` = 3 AND (`comments`.post_id = 10)) [0m
Rendering comments/show
Completed in 17ms (View: 4, DB: 3) | 200 OK [http://localhost/posts/10/comments/3]
  [4;36;1mSQL (0.2ms)[0m   [0;1mSET NAMES 'utf8'[0m
  [4;35;1mSQL (0.2ms)[0m   [0mSET SQL_AUTO_IS_NULL=0[0m


Processing PostsController#index (for 127.0.0.1 at 2017-06-15 11:05:02) [GET]
  [4;36;1mPost Load (0.5ms)[0m   [0;1mSELECT * FROM `posts` [0m
Rendering template within layouts/posts
Rendering posts/index
  [4;35;1mPost Columns (1.1ms)[0m   [0mSHOW FIELDS FROM `posts`[0m
Completed in 82ms (View: 63, DB: 2) | 200 OK [http://localhost/]
  [4;36;1mSQL (0.1ms)[0m   [0;1mSET NAMES 'utf8'[0m
  [4;35;1mSQL (0.1ms)[0m   [0mSET SQL_AUTO_IS_NULL=0[0m


Processing PostsController#index (for 127.0.0.1 at 2017-06-15 11:13:34) [GET]
  [4;36;1mPost Load (0.3ms)[0m   [0;1mSELECT * FROM `posts` [0m
Rendering template within layouts/posts
Rendering posts/index
  [4;35;1mPost Columns (0.9ms)[0m   [0mSHOW FIELDS FROM `posts`[0m
Completed in 17ms (View: 10, DB: 1) | 200 OK [http://localhost/]
  [4;36;1mSQL (0.1ms)[0m   [0;1mSET NAMES 'utf8'[0m
  [4;35;1mSQL (0.2ms)[0m   [0mSET SQL_AUTO_IS_NULL=0[0m


Processing PostsController#new (for 127.0.0.1 at 2017-06-15 11:13:36) [GET]
  [4;36;1mPost Columns (1.2ms)[0m   [0;1mSHOW FIELDS FROM `posts`[0m
Rendering template within layouts/posts
Rendering posts/new
  [4;35;1mTag Columns (0.9ms)[0m   [0mSHOW FIELDS FROM `tags`[0m
Rendered posts/_form (84.7ms)
Completed in 147ms (View: 92, DB: 3) | 200 OK [http://localhost/posts/new]
  [4;36;1mSQL (0.1ms)[0m   [0;1mSET NAMES 'utf8'[0m
  [4;35;1mSQL (0.1ms)[0m   [0mSET SQL_AUTO_IS_NULL=0[0m


Processing PostsController#new (for 127.0.0.1 at 2017-06-15 11:43:55) [GET]
  [4;36;1mPost Columns (1.2ms)[0m   [0;1mSHOW FIELDS FROM `posts`[0m
Rendering template within layouts/posts
Rendering posts/new
  [4;35;1mTag Columns (1.0ms)[0m   [0mSHOW FIELDS FROM `tags`[0m
Rendered posts/_form (12.7ms)
Completed in 22ms (View: 13, DB: 2) | 200 OK [http://localhost/posts/new]
  [4;36;1mSQL (0.1ms)[0m   [0;1mSET NAMES 'utf8'[0m
  [4;35;1mSQL (0.2ms)[0m   [0mSET SQL_AUTO_IS_NULL=0[0m


Processing PostsController#index (for 127.0.0.1 at 2017-06-15 11:44:00) [GET]
  [4;36;1mPost Load (0.7ms)[0m   [0;1mSELECT * FROM `posts` [0m
Rendering template within layouts/posts
Rendering posts/index
  [4;35;1mPost Columns (1.0ms)[0m   [0mSHOW FIELDS FROM `posts`[0m
Completed in 19ms (View: 12, DB: 2) | 200 OK [http://localhost/]
  [4;36;1mSQL (0.1ms)[0m   [0;1mSET NAMES 'utf8'[0m
  [4;35;1mSQL (0.2ms)[0m   [0mSET SQL_AUTO_IS_NULL=0[0m


Processing PostsController#new (for 127.0.0.1 at 2017-06-15 11:44:03) [GET]
  [4;36;1mPost Columns (1.2ms)[0m   [0;1mSHOW FIELDS FROM `posts`[0m
Rendering template within layouts/posts
Rendering posts/new
  [4;35;1mTag Columns (1.0ms)[0m   [0mSHOW FIELDS FROM `tags`[0m
Rendered posts/_form (60.6ms)
Completed in 72ms (View: 61, DB: 3) | 200 OK [http://localhost/posts/new]
  [4;36;1mSQL (0.2ms)[0m   [0;1mSET NAMES 'utf8'[0m
  [4;35;1mSQL (0.3ms)[0m   [0mSET SQL_AUTO_IS_NULL=0[0m


Processing PostsController#index (for 127.0.0.1 at 2017-06-15 11:44:06) [GET]
  [4;36;1mPost Load (0.5ms)[0m   [0;1mSELECT * FROM `posts` [0m
Rendering template within layouts/posts
Rendering posts/index
  [4;35;1mPost Columns (1.1ms)[0m   [0mSHOW FIELDS FROM `posts`[0m
Completed in 20ms (View: 12, DB: 2) | 200 OK [http://localhost/posts]
  [4;36;1mSQL (0.2ms)[0m   [0;1mSET NAMES 'utf8'[0m
  [4;35;1mSQL (0.2ms)[0m   [0mSET SQL_AUTO_IS_NULL=0[0m


Processing PostsController#edit (for 127.0.0.1 at 2017-06-15 11:44:08) [GET]
  Parameters: {"id"=>"1"}
  [4;36;1mPost Columns (1.5ms)[0m   [0;1mSHOW FIELDS FROM `posts`[0m
  [4;35;1mPost Load (0.5ms)[0m   [0mSELECT * FROM `posts` WHERE (`posts`.`id` = 1) [0m
Rendering template within layouts/posts
Rendering posts/edit
  [4;36;1mTag Columns (0.9ms)[0m   [0;1mSHOW FIELDS FROM `tags`[0m
  [4;35;1mSQL (0.4ms)[0m   [0mSELECT count(*) AS count_all FROM `tags` WHERE (`tags`.post_id = 1) [0m
Rendered posts/_form (13.7ms)
Completed in 30ms (View: 20, DB: 4) | 200 OK [http://localhost/posts/1/edit]
  [4;36;1mSQL (1.5ms)[0m   [0;1mSET NAMES 'utf8'[0m
  [4;35;1mSQL (0.1ms)[0m   [0mSET SQL_AUTO_IS_NULL=0[0m


Processing PostsController#index (for 127.0.0.1 at 2017-06-15 11:44:11) [GET]
  [4;36;1mPost Load (0.4ms)[0m   [0;1mSELECT * FROM `posts` [0m
Rendering template within layouts/posts
Rendering posts/index
  [4;35;1mPost Columns (1.0ms)[0m   [0mSHOW FIELDS FROM `posts`[0m
Completed in 18ms (View: 11, DB: 3) | 200 OK [http://localhost/posts]
  [4;36;1mSQL (0.1ms)[0m   [0;1mSET NAMES 'utf8'[0m
  [4;35;1mSQL (0.2ms)[0m   [0mSET SQL_AUTO_IS_NULL=0[0m


Processing PostsController#show (for 127.0.0.1 at 2017-06-15 11:44:14) [GET]
  Parameters: {"id"=>"10"}
  [4;36;1mPost Columns (1.1ms)[0m   [0;1mSHOW FIELDS FROM `posts`[0m
  [4;35;1mPost Load (0.4ms)[0m   [0mSELECT * FROM `posts` WHERE (`posts`.`id` = 10) [0m
Rendering template within layouts/posts
Rendering posts/show
  [4;36;1mComment Load (0.4ms)[0m   [0;1mSELECT * FROM `comments` WHERE (`comments`.post_id = 10) [0m
  [4;35;1mComment Columns (0.8ms)[0m   [0mSHOW FIELDS FROM `comments`[0m
Completed in 76ms (View: 66, DB: 3) | 200 OK [http://localhost/posts/10]
  [4;36;1mSQL (0.1ms)[0m   [0;1mSET NAMES 'utf8'[0m
  [4;35;1mSQL (0.1ms)[0m   [0mSET SQL_AUTO_IS_NULL=0[0m


Processing CommentsController#index (for 127.0.0.1 at 2017-06-15 11:44:18) [GET]
  Parameters: {"post_id"=>"10"}
  [4;36;1mPost Columns (0.9ms)[0m   [0;1mSHOW FIELDS FROM `posts`[0m
  [4;35;1mPost Load (0.4ms)[0m   [0mSELECT * FROM `posts` WHERE (`posts`.`id` = 10) [0m
Rendering template within layouts/comments
Rendering comments/index
  [4;36;1mComment Load (0.4ms)[0m   [0;1mSELECT * FROM `comments` WHERE (`comments`.post_id = 10) [0m
  [4;35;1mComment Columns (0.7ms)[0m   [0mSHOW FIELDS FROM `comments`[0m
Completed in 30ms (View: 17, DB: 3) | 200 OK [http://localhost/posts/10/comments]
  [4;36;1mSQL (0.2ms)[0m   [0;1mSET NAMES 'utf8'[0m
  [4;35;1mSQL (0.3ms)[0m   [0mSET SQL_AUTO_IS_NULL=0[0m


Processing CommentsController#new (for 127.0.0.1 at 2017-06-15 11:44:23) [GET]
  Parameters: {"post_id"=>"10"}
  [4;36;1mPost Columns (1.2ms)[0m   [0;1mSHOW FIELDS FROM `posts`[0m
  [4;35;1mPost Load (0.4ms)[0m   [0mSELECT * FROM `posts` WHERE (`posts`.`id` = 10) [0m
  [4;36;1mComment Columns (1.1ms)[0m   [0;1mSHOW FIELDS FROM `comments`[0m
Rendering template within layouts/comments
Rendering comments/new
Completed in 26ms (View: 11, DB: 3) | 200 OK [http://localhost/posts/10/comments/new]
  [4;35;1mSQL (0.1ms)[0m   [0mSET NAMES 'utf8'[0m
  [4;36;1mSQL (0.1ms)[0m   [0;1mSET SQL_AUTO_IS_NULL=0[0m


Processing CommentsController#index (for 127.0.0.1 at 2017-06-15 11:51:09) [GET]
  Parameters: {"post_id"=>"10"}
  [4;35;1mPost Columns (1.3ms)[0m   [0mSHOW FIELDS FROM `posts`[0m
  [4;36;1mPost Load (0.5ms)[0m   [0;1mSELECT * FROM `posts` WHERE (`posts`.`id` = 10) [0m
Rendering template within layouts/comments
Rendering comments/index
  [4;35;1mComment Load (0.5ms)[0m   [0mSELECT * FROM `comments` WHERE (`comments`.post_id = 10) [0m
  [4;36;1mComment Columns (0.9ms)[0m   [0;1mSHOW FIELDS FROM `comments`[0m
Completed in 26ms (View: 11, DB: 3) | 200 OK [http://localhost/posts/10/comments]
  [4;35;1mSQL (0.1ms)[0m   [0mSET NAMES 'utf8'[0m
  [4;36;1mSQL (0.3ms)[0m   [0;1mSET SQL_AUTO_IS_NULL=0[0m


Processing PostsController#show (for 127.0.0.1 at 2017-06-15 11:51:12) [GET]
  Parameters: {"id"=>"10"}
  [4;35;1mPost Columns (0.9ms)[0m   [0mSHOW FIELDS FROM `posts`[0m
  [4;36;1mPost Load (0.3ms)[0m   [0;1mSELECT * FROM `posts` WHERE (`posts`.`id` = 10) [0m
Rendering template within layouts/posts
Rendering posts/show
  [4;35;1mComment Load (0.5ms)[0m   [0mSELECT * FROM `comments` WHERE (`comments`.post_id = 10) [0m
  [4;36;1mComment Columns (0.8ms)[0m   [0;1mSHOW FIELDS FROM `comments`[0m
Completed in 69ms (View: 8, DB: 3) | 200 OK [http://localhost/posts/10]
  [4;35;1mSQL (0.1ms)[0m   [0mSET NAMES 'utf8'[0m
  [4;36;1mSQL (0.5ms)[0m   [0;1mSET SQL_AUTO_IS_NULL=0[0m


Processing PostsController#index (for 127.0.0.1 at 2017-06-15 11:51:14) [GET]
  [4;35;1mPost Load (0.4ms)[0m   [0mSELECT * FROM `posts` [0m
Rendering template within layouts/posts
Rendering posts/index
  [4;36;1mPost Columns (1.2ms)[0m   [0;1mSHOW FIELDS FROM `posts`[0m
Completed in 19ms (View: 11, DB: 2) | 200 OK [http://localhost/posts]
  [4;35;1mSQL (0.1ms)[0m   [0mSET NAMES 'utf8'[0m
  [4;36;1mSQL (0.2ms)[0m   [0;1mSET SQL_AUTO_IS_NULL=0[0m


Processing PostsController#edit (for 127.0.0.1 at 2017-06-15 11:51:16) [GET]
  Parameters: {"id"=>"1"}
  [4;35;1mPost Columns (1.5ms)[0m   [0mSHOW FIELDS FROM `posts`[0m
  [4;36;1mPost Load (0.4ms)[0m   [0;1mSELECT * FROM `posts` WHERE (`posts`.`id` = 1) [0m
Rendering template within layouts/posts
Rendering posts/edit
  [4;35;1mTag Columns (0.9ms)[0m   [0mSHOW FIELDS FROM `tags`[0m
  [4;36;1mSQL (0.4ms)[0m   [0;1mSELECT count(*) AS count_all FROM `tags` WHERE (`tags`.post_id = 1) [0m
Rendered posts/_form (15.9ms)
Completed in 30ms (View: 17, DB: 4) | 200 OK [http://localhost/posts/1/edit]
  [4;35;1mSQL (0.1ms)[0m   [0mSET NAMES 'utf8'[0m
  [4;36;1mSQL (0.1ms)[0m   [0;1mSET SQL_AUTO_IS_NULL=0[0m


Processing PostsController#show (for 127.0.0.1 at 2017-06-15 11:51:22) [GET]
  Parameters: {"id"=>"1"}
  [4;35;1mPost Columns (1.2ms)[0m   [0mSHOW FIELDS FROM `posts`[0m
  [4;36;1mPost Load (0.4ms)[0m   [0;1mSELECT * FROM `posts` WHERE (`posts`.`id` = 1) [0m
Rendering template within layouts/posts
Rendering posts/show
  [4;35;1mComment Load (0.4ms)[0m   [0mSELECT * FROM `comments` WHERE (`comments`.post_id = 1) [0m
  [4;36;1mComment Columns (0.8ms)[0m   [0;1mSHOW FIELDS FROM `comments`[0m
Completed in 19ms (View: 9, DB: 3) | 200 OK [http://localhost/posts/1]
  [4;35;1mSQL (0.1ms)[0m   [0mSET NAMES 'utf8'[0m
  [4;36;1mSQL (1.3ms)[0m   [0;1mSET SQL_AUTO_IS_NULL=0[0m


Processing PostsController#edit (for 127.0.0.1 at 2017-06-15 11:51:25) [GET]
  Parameters: {"id"=>"1"}
  [4;35;1mPost Columns (1.3ms)[0m   [0mSHOW FIELDS FROM `posts`[0m
  [4;36;1mPost Load (0.4ms)[0m   [0;1mSELECT * FROM `posts` WHERE (`posts`.`id` = 1) [0m
Rendering template within layouts/posts
Rendering posts/edit
  [4;35;1mTag Columns (0.8ms)[0m   [0mSHOW FIELDS FROM `tags`[0m
  [4;36;1mSQL (0.4ms)[0m   [0;1mSELECT count(*) AS count_all FROM `tags` WHERE (`tags`.post_id = 1) [0m
Rendered posts/_form (13.1ms)
Completed in 72ms (View: 14, DB: 4) | 200 OK [http://localhost/posts/1/edit]
  [4;35;1mSQL (0.1ms)[0m   [0mSET NAMES 'utf8'[0m
  [4;36;1mSQL (0.1ms)[0m   [0;1mSET SQL_AUTO_IS_NULL=0[0m


Processing PostsController#index (for 127.0.0.1 at 2017-06-15 11:51:27) [GET]
  [4;35;1mPost Load (0.4ms)[0m   [0mSELECT * FROM `posts` [0m
Rendering template within layouts/posts
Rendering posts/index
  [4;36;1mPost Columns (0.8ms)[0m   [0;1mSHOW FIELDS FROM `posts`[0m
Completed in 17ms (View: 10, DB: 1) | 200 OK [http://localhost/posts]
  [4;35;1mSQL (0.1ms)[0m   [0mSET NAMES 'utf8'[0m
  [4;36;1mSQL (0.1ms)[0m   [0;1mSET SQL_AUTO_IS_NULL=0[0m


Processing PostsController#index (for 127.0.0.1 at 2017-06-15 15:13:35) [GET]
  [4;35;1mPost Load (0.9ms)[0m   [0mSELECT * FROM `posts` [0m
Rendering template within layouts/posts
Rendering posts/index
  [4;36;1mPost Columns (0.8ms)[0m   [0;1mSHOW FIELDS FROM `posts`[0m
Completed in 17ms (View: 9, DB: 2) | 200 OK [http://localhost/]
  [4;35;1mSQL (0.1ms)[0m   [0mSET NAMES 'utf8'[0m
  [4;36;1mSQL (0.3ms)[0m   [0;1mSET SQL_AUTO_IS_NULL=0[0m


Processing PostsController#index (for 127.0.0.1 at 2017-06-15 15:21:35) [GET]
  [4;35;1mPost Load (0.5ms)[0m   [0mSELECT * FROM `posts` [0m
Rendering template within layouts/posts
Rendering posts/index
  [4;36;1mPost Columns (1.1ms)[0m   [0;1mSHOW FIELDS FROM `posts`[0m
Completed in 20ms (View: 12, DB: 2) | 200 OK [http://localhost/]
  [4;35;1mSQL (0.2ms)[0m   [0mSET NAMES 'utf8'[0m
  [4;36;1mSQL (0.3ms)[0m   [0;1mSET SQL_AUTO_IS_NULL=0[0m


Processing PostsController#index (for 127.0.0.1 at 2017-06-15 15:21:38) [GET]
  [4;35;1mPost Load (0.6ms)[0m   [0mSELECT * FROM `posts` [0m
Rendering template within layouts/posts
Rendering posts/index
  [4;36;1mPost Columns (1.0ms)[0m   [0;1mSHOW FIELDS FROM `posts`[0m
Completed in 65ms (View: 55, DB: 2) | 200 OK [http://localhost/]
  [4;36;1mSQL (0.1ms)[0m   [0;1mSET NAMES 'utf8'[0m
  [4;35;1mSQL (0.2ms)[0m   [0mSET SQL_AUTO_IS_NULL=0[0m
  [4;36;1mSQL (0.3ms)[0m   [0;1mSHOW TABLES[0m
  [4;35;1mSQL (22.1ms)[0m   [0mSELECT version FROM schema_migrations[0m
Migrating to CreatePosts (20170614063626)
Migrating to CreateComments (20170614122640)
Migrating to CreateTags (20170614130658)
  [4;36;1mSQL (0.4ms)[0m   [0;1mSHOW TABLES[0m
  [4;35;1mSQL (0.2ms)[0m   [0mSELECT version FROM schema_migrations[0m
  [4;36;1mSQL (0.2ms)[0m   [0;1mSHOW TABLES[0m
  [4;35;1mSQL (0.6ms)[0m   [0mSHOW FIELDS FROM `comments`[0m
  [4;36;1mSQL (0.6ms)[0m   [0;1mdescribe `comments`[0m
  [4;35;1mSQL (0.3ms)[0m   [0mSHOW KEYS FROM `comments`[0m
  [4;36;1mSQL (0.6ms)[0m   [0;1mSHOW FIELDS FROM `posts`[0m
  [4;35;1mSQL (0.6ms)[0m   [0mdescribe `posts`[0m
  [4;36;1mSQL (0.3ms)[0m   [0;1mSHOW KEYS FROM `posts`[0m
  [4;35;1mSQL (0.6ms)[0m   [0mSHOW FIELDS FROM `tags`[0m
  [4;36;1mSQL (0.6ms)[0m   [0;1mdescribe `tags`[0m
  [4;35;1mSQL (0.3ms)[0m   [0mSHOW KEYS FROM `tags`[0m
  [4;36;1mSQL (0.1ms)[0m   [0;1mSET NAMES 'utf8'[0m
  [4;35;1mSQL (0.1ms)[0m   [0mSET SQL_AUTO_IS_NULL=0[0m
  [4;36;1mSQL (0.4ms)[0m   [0;1mSHOW TABLES[0m
  [4;35;1mSQL (0.2ms)[0m   [0mSELECT version FROM schema_migrations[0m
Migrating to CreatePosts (20170614063626)
Migrating to CreateComments (20170614122640)
Migrating to CreateTags (20170614130658)
  [4;36;1mSQL (0.3ms)[0m   [0;1mSHOW TABLES[0m
  [4;35;1mSQL (0.2ms)[0m   [0mSELECT version FROM schema_migrations[0m
  [4;36;1mSQL (0.2ms)[0m   [0;1mSHOW TABLES[0m
  [4;35;1mSQL (0.5ms)[0m   [0mSHOW FIELDS FROM `comments`[0m
  [4;36;1mSQL (0.5ms)[0m   [0;1mdescribe `comments`[0m
  [4;35;1mSQL (0.2ms)[0m   [0mSHOW KEYS FROM `comments`[0m
  [4;36;1mSQL (0.5ms)[0m   [0;1mSHOW FIELDS FROM `posts`[0m
  [4;35;1mSQL (0.5ms)[0m   [0mdescribe `posts`[0m
  [4;36;1mSQL (0.2ms)[0m   [0;1mSHOW KEYS FROM `posts`[0m
  [4;35;1mSQL (0.4ms)[0m   [0mSHOW FIELDS FROM `tags`[0m
  [4;36;1mSQL (0.4ms)[0m   [0;1mdescribe `tags`[0m
  [4;35;1mSQL (0.3ms)[0m   [0mSHOW KEYS FROM `tags`[0m
  [4;36;1mSQL (0.1ms)[0m   [0;1mSET NAMES 'utf8'[0m
  [4;35;1mSQL (0.2ms)[0m   [0mSET SQL_AUTO_IS_NULL=0[0m
  [4;36;1mSQL (0.3ms)[0m   [0;1mSHOW TABLES[0m
  [4;35;1mSQL (0.2ms)[0m   [0mSELECT version FROM schema_migrations[0m
Migrating to CreatePosts (20170614063626)
Migrating to CreateComments (20170614122640)
Migrating to CreateTags (20170614130658)
  [4;36;1mSQL (0.3ms)[0m   [0;1mSHOW TABLES[0m
  [4;35;1mSQL (0.2ms)[0m   [0mSELECT version FROM schema_migrations[0m
  [4;36;1mSQL (0.2ms)[0m   [0;1mSHOW TABLES[0m
  [4;35;1mSQL (0.5ms)[0m   [0mSHOW FIELDS FROM `comments`[0m
  [4;36;1mSQL (0.4ms)[0m   [0;1mdescribe `comments`[0m
  [4;35;1mSQL (0.2ms)[0m   [0mSHOW KEYS FROM `comments`[0m
  [4;36;1mSQL (0.6ms)[0m   [0;1mSHOW FIELDS FROM `posts`[0m
  [4;35;1mSQL (0.5ms)[0m   [0mdescribe `posts`[0m
  [4;36;1mSQL (0.2ms)[0m   [0;1mSHOW KEYS FROM `posts`[0m
  [4;35;1mSQL (0.5ms)[0m   [0mSHOW FIELDS FROM `tags`[0m
  [4;36;1mSQL (0.4ms)[0m   [0;1mdescribe `tags`[0m
  [4;35;1mSQL (0.2ms)[0m   [0mSHOW KEYS FROM `tags`[0m
  [4;36;1mSQL (0.1ms)[0m   [0;1mSET NAMES 'utf8'[0m
  [4;35;1mSQL (0.2ms)[0m   [0mSET SQL_AUTO_IS_NULL=0[0m
  [4;36;1mSQL (0.3ms)[0m   [0;1mSHOW TABLES[0m
  [4;35;1mSQL (0.2ms)[0m   [0mSELECT version FROM schema_migrations[0m
Migrating to CreatePosts (20170614063626)
Migrating to CreateComments (20170614122640)
Migrating to CreateTags (20170614130658)
  [4;36;1mSQL (0.4ms)[0m   [0;1mSHOW TABLES[0m
  [4;35;1mSQL (0.2ms)[0m   [0mSELECT version FROM schema_migrations[0m
  [4;36;1mSQL (0.2ms)[0m   [0;1mSHOW TABLES[0m
  [4;35;1mSQL (0.5ms)[0m   [0mSHOW FIELDS FROM `comments`[0m
  [4;36;1mSQL (0.5ms)[0m   [0;1mdescribe `comments`[0m
  [4;35;1mSQL (0.3ms)[0m   [0mSHOW KEYS FROM `comments`[0m
  [4;36;1mSQL (0.5ms)[0m   [0;1mSHOW FIELDS FROM `posts`[0m
  [4;35;1mSQL (0.5ms)[0m   [0mdescribe `posts`[0m
  [4;36;1mSQL (0.3ms)[0m   [0;1mSHOW KEYS FROM `posts`[0m
  [4;35;1mSQL (0.5ms)[0m   [0mSHOW FIELDS FROM `tags`[0m
  [4;36;1mSQL (0.5ms)[0m   [0;1mdescribe `tags`[0m
  [4;35;1mSQL (0.2ms)[0m   [0mSHOW KEYS FROM `tags`[0m
  [4;35;1mSQL (0.1ms)[0m   [0mSET NAMES 'utf8'[0m
  [4;36;1mSQL (0.1ms)[0m   [0;1mSET SQL_AUTO_IS_NULL=0[0m


Processing PostsController#index (for 127.0.0.1 at 2017-06-15 16:22:53) [GET]
  [4;35;1mPost Load (0.5ms)[0m   [0mSELECT * FROM `posts` [0m
Rendering template within layouts/posts
Rendering posts/index
  [4;36;1mPost Columns (0.9ms)[0m   [0;1mSHOW FIELDS FROM `posts`[0m
Completed in 22ms (View: 13, DB: 2) | 200 OK [http://localhost/]
  [4;35;1mSQL (0.1ms)[0m   [0mSET NAMES 'utf8'[0m
  [4;36;1mSQL (0.1ms)[0m   [0;1mSET SQL_AUTO_IS_NULL=0[0m


Processing PostsController#new (for 127.0.0.1 at 2017-06-15 16:22:56) [GET]
  [4;35;1mPost Columns (1.0ms)[0m   [0mSHOW FIELDS FROM `posts`[0m
Rendering template within layouts/posts
Rendering posts/new
  [4;36;1mTag Columns (0.7ms)[0m   [0;1mSHOW FIELDS FROM `tags`[0m
Rendered posts/_form (10.7ms)
Completed in 19ms (View: 11, DB: 2) | 200 OK [http://localhost/posts/new]
  [4;36;1mSQL (1.1ms)[0m   [0;1mSET NAMES 'utf8'[0m
  [4;35;1mSQL (0.2ms)[0m   [0mSET SQL_AUTO_IS_NULL=0[0m
  [4;36;1mPost Columns (1.3ms)[0m   [0;1mSHOW FIELDS FROM `posts`[0m
  [4;35;1mSQL (0.2ms)[0m   [0mBEGIN[0m
  [4;36;1mSQL (0.4ms)[0m   [0;1mROLLBACK[0m
  [4;35;1mSQL (0.2ms)[0m   [0mBEGIN[0m
  [4;36;1mPost Create (0.5ms)[0m   [0;1mINSERT INTO `posts` (`created_at`, `content`, `name`, `title`, `column_1`, `updated_at`) VALUES('2017-06-15 11:18:43', NULL, 'malu', 'John Doe', 150, '2017-06-15 11:18:43')[0m
  [4;35;1mSQL (331.8ms)[0m   [0mCOMMIT[0m
  [4;36;1mSQL (0.2ms)[0m   [0;1mBEGIN[0m
  [4;35;1mPost Create (1.1ms)[0m   [0mINSERT INTO `posts` (`created_at`, `content`, `name`, `title`, `column_1`, `updated_at`) VALUES('2017-06-15 11:23:21', NULL, 'malu', 'John Doe', 150, '2017-06-15 11:23:21')[0m
  [4;36;1mSQL (402.1ms)[0m   [0;1mCOMMIT[0m
  [4;35;1mSQL (0.2ms)[0m   [0mBEGIN[0m
  [4;36;1mSQL (0.2ms)[0m   [0;1mROLLBACK[0m
  [4;36;1mSQL (0.1ms)[0m   [0;1mSET NAMES 'utf8'[0m
  [4;35;1mSQL (0.3ms)[0m   [0mSET SQL_AUTO_IS_NULL=0[0m


Processing PostsController#index (for 127.0.0.1 at 2017-06-16 10:59:15) [GET]
  [4;36;1mPost Load (0.8ms)[0m   [0;1mSELECT * FROM `posts` [0m
Rendering template within layouts/posts
Rendering posts/index
  [4;35;1mPost Columns (1.1ms)[0m   [0mSHOW FIELDS FROM `posts`[0m
Completed in 97ms (View: 64, DB: 2) | 200 OK [http://localhost/]
